Software Version: 11.8.1.12
Driver : 3.0.0 build 1
programmer '93272' : FlashPro4
Opened 'C:\Users\gcallsen\Documents\GitHub\IRAIL-1.6-FPGA\designer\m2s010_som\m2s010_som_fp\m2s010_som.pro'
The 'open_project' command succeeded.
IPD file 'C:/Users/gcallsen/Documents/GitHub/IRAIL-1.6-FPGA/designer/m2s010_som/m2s010_som.ipd' has been loaded successfully.
DESIGN : m2s010_som;  CHECKSUM : DA65;  PDB_VERSION : 1.9
The 'set_programming_file' command succeeded.
Warning: Programming is already enabled for device 'M2S060T'.
The 'enable_device' command succeeded.
The 'set_programming_action' command succeeded.
programmer '93272' : Scan Chain...
Warning: programmer '93272' : Vpump has been selected on programmer AND an externally provided Vpump has also been detected. Using externally provided Vpump voltage source.
programmer '93272' : Check Chain...
programmer '93272' : Scan and Check Chain PASSED.
programmer '93272' : device 'M2S060T' : Executing action PROGRAM
programmer '93272' : device 'M2S060T' : Family: SmartFusion2
programmer '93272' : device 'M2S060T' : Product:      M2S150
programmer '93272' : device 'M2S060T' : EXPORT ISC_ENABLE_RESULT[32] = 00786444
programmer '93272' : device 'M2S060T' : EXPORT CRCERR[1] = 0
programmer '93272' : device 'M2S060T' : EXPORT EDCERR[1] = 0
programmer '93272' : device 'M2S060T' : Programming FPGA Array and eNVM...
programmer '93272' : device 'M2S060T' : ===================================================================================
programmer '93272' : device 'M2S060T' : EXPORT DSN[128] = 1ffb724509e7e767595bf33d9701c9a5
programmer '93272' : device 'M2S060T' : ===================================================================================
programmer '93272' : device 'M2S060T' : Finished: Fri Sep 08 15:29:18 2017 (Elapsed time 00:00:56)
programmer '93272' : device 'M2S060T' : Executing action PROGRAM PASSED.
programmer '93272' : Chain programming PASSED.
Chain Programming Finished: Fri Sep 08 15:29:18 2017 (Elapsed time 00:00:56)

                        o - o - o - o - o - o

The 'run_selected_actions' command succeeded.
The 'set_programming_file' command succeeded.
Project saved.
The 'save_project' command succeeded.
Project closed.
