1472917904 -11:51:44 -0 -ipcServer::ipcServer params
Port:      58015
Logfile:   C:/PULSAR/Projects/PPI/PoweredRail/Eval_Board_SOC/m2s010-som-fg484-1a-116-Rev1a_c/synthesis/ipc_tcp_microsemi_srv.log
Reconnect: 0
Use ipv6:  0

1472918934 -12:08:54 -0 -ipcServer::ipcServer params
Port:      58015
Logfile:   C:/PULSAR/Projects/PPI/PoweredRail/Eval_Board_SOC/m2s010-som-fg484-1a-116-Rev1a_c/synthesis/ipc_tcp_microsemi_srv.log
Reconnect: 0
Use ipv6:  0

1472919677 -12:21:17 -0 -ipcServer::ipcServer params
Port:      58015
Logfile:   C:/PULSAR/Projects/PPI/PoweredRail/Eval_Board_SOC/m2s010-som-fg484-1a-116-Rev1a_c/synthesis/ipc_tcp_microsemi_srv.log
Reconnect: 0
Use ipv6:  0

1472919947 -12:25:47 -0 -ipcServer::ipcServer params
Port:      58015
Logfile:   C:/PULSAR/Projects/PPI/PoweredRail/Eval_Board_SOC/m2s010-som-fg484-1a-116-Rev1a_c/synthesis/ipc_tcp_microsemi_srv.log
Reconnect: 0
Use ipv6:  0

1472935871 -16:51:11 -0 -ipcServer::ipcServer params
Port:      58015
Logfile:   C:/PULSAR/Projects/PPI/PoweredRail/Eval_Board_SOC/m2s010-som-fg484-1a-116-Rev1a_c/synthesis/ipc_tcp_microsemi_srv.log
Reconnect: 0
Use ipv6:  0

1472936469 -17:01:09 -0 -ipcServer::ipcServer params
Port:      58015
Logfile:   C:/PULSAR/Projects/PPI/PoweredRail/Eval_Board_SOC/m2s010-som-fg484-1a-116-Rev1a_c/synthesis/ipc_tcp_microsemi_srv.log
Reconnect: 0
Use ipv6:  0

1472937700 -17:21:40 -0 -ipcServer::ipcServer params
Port:      58015
Logfile:   C:/PULSAR/Projects/PPI/PoweredRail/Eval_Board_SOC/m2s010-som-fg484-1a-116-Rev1a_c/synthesis/ipc_tcp_microsemi_srv.log
Reconnect: 0
Use ipv6:  0

1472940505 -18:08:25 -0 -ipcServer::ipcServer params
Port:      58015
Logfile:   C:/PULSAR/Projects/PPI/PoweredRail/Eval_Board_SOC/m2s010-som-fg484-1a-116-Rev1a_c/synthesis/ipc_tcp_microsemi_srv.log
Reconnect: 0
Use ipv6:  0

1472941594 -18:26:34 -0 -ipcServer::ipcServer params
Port:      58015
Logfile:   C:/PULSAR/Projects/PPI/PoweredRail/Eval_Board_SOC/m2s010-som-fg484-1a-116-Rev1a_c/synthesis/ipc_tcp_microsemi_srv.log
Reconnect: 0
Use ipv6:  0

1472955192 -22:13:12 -0 -ipcServer::ipcServer params
Port:      58015
Logfile:   C:/PULSAR/Projects/PPI/PoweredRail/Eval_Board_SOC/m2s010-som-fg484-1a-116-Rev1a_c/synthesis/ipc_tcp_microsemi_srv.log
Reconnect: 0
Use ipv6:  0

1472955702 -22:21:42 -0 -ipcServer::ipcServer params
Port:      58015
Logfile:   C:/PULSAR/Projects/PPI/PoweredRail/Eval_Board_SOC/m2s010-som-fg484-1a-116-Rev1a_c/synthesis/ipc_tcp_microsemi_srv.log
Reconnect: 0
Use ipv6:  0

1472991290 -08:14:50 -0 -ipcServer::ipcServer params
Port:      58015
Logfile:   C:/PULSAR/Projects/PPI/PoweredRail/Eval_Board_SOC/m2s010-som-fg484-1a-116-Rev1a_c/synthesis/ipc_tcp_microsemi_srv.log
Reconnect: 0
Use ipv6:  0

1473531884 -14:24:44 -0 -ipcServer::ipcServer params
Port:      58015
Logfile:   C:/PULSAR/Projects/PPI/PoweredRail/Eval_Board_SOC/m2s010-som-fg484-1a-116-Rev1a_c_TxCol/synthesis/ipc_tcp_microsemi_srv.log
Reconnect: 0
Use ipv6:  0

1473532531 -14:35:31 -0 -ipcServer::ipcServer params
Port:      58015
Logfile:   C:/PULSAR/Projects/PPI/PoweredRail/Eval_Board_SOC/m2s010-som-fg484-1a-116-Rev1a_c_TxCol/synthesis/ipc_tcp_microsemi_srv.log
Reconnect: 0
Use ipv6:  0

1473533439 -14:50:39 -0 -ipcServer::ipcServer params
Port:      58015
Logfile:   C:/PULSAR/Projects/PPI/PoweredRail/Eval_Board_SOC/m2s010-som-fg484-1a-116-Rev1a_c_TxCol/synthesis/ipc_tcp_microsemi_srv.log
Reconnect: 0
Use ipv6:  0

1473598408 -08:53:28 -0 -ipcServer::ipcServer params
Port:      58015
Logfile:   C:/PULSAR/Projects/PPI/PoweredRail/Eval_Board_SOC/m2s010-som-fg484-1a-116-Rev1a_c_TxCol/synthesis/ipc_tcp_microsemi_srv.log
Reconnect: 0
Use ipv6:  0

1473710106 -15:55:06 -0 -ipcServer::ipcServer params
Port:      58015
Logfile:   C:/PULSAR/Projects/PPI/PoweredRail/Eval_Board_SOC/m2s010-som-fg484-1a-116-Rev1a_d_TxCol/synthesis/ipc_tcp_microsemi_srv.log
Reconnect: 0
Use ipv6:  0

1473710708 -16:05:08 -0 -ipcServer::ipcServer params
Port:      58015
Logfile:   C:/PULSAR/Projects/PPI/PoweredRail/Eval_Board_SOC/m2s010-som-fg484-1a-116-Rev1a_d_TxCol/synthesis/ipc_tcp_microsemi_srv.log
Reconnect: 0
Use ipv6:  0

1473711135 -16:12:15 -0 -ipcServer::ipcServer params
Port:      58015
Logfile:   C:/PULSAR/Projects/PPI/PoweredRail/Eval_Board_SOC/m2s010-som-fg484-1a-116-Rev1a_d_TxCol/synthesis/ipc_tcp_microsemi_srv.log
Reconnect: 0
Use ipv6:  0

1473713354 -16:49:14 -0 -ipcServer::ipcServer params
Port:      58015
Logfile:   C:/PULSAR/Projects/PPI/PoweredRail/Eval_Board_SOC/m2s010-som-fg484-1a-116-Rev1a_d_TxCol/synthesis/ipc_tcp_microsemi_srv.log
Reconnect: 0
Use ipv6:  0

1473714143 -17:02:23 -0 -ipcServer::ipcServer params
Port:      58015
Logfile:   C:/PULSAR/Projects/PPI/PoweredRail/Eval_Board_SOC/m2s010-som-fg484-1a-116-Rev1a_d_TxCol/synthesis/ipc_tcp_microsemi_srv.log
Reconnect: 0
Use ipv6:  0

1473715948 -17:32:28 -0 -ReadSocket return B
1473715948 -17:32:28 -0 -... is coming from ipcServer::ReadFromSocket
1473716918 -17:48:38 -0 -ReadSocket return B
1473716918 -17:48:38 -0 -... is coming from ipcServer::ReadFromSocket
1473874615 -13:36:55 -10054 -ReadSocket return A
1473874615 -13:36:55 -10054 -... is coming from ipcServer::ReadFromSocket
1473874617 -13:36:57 -10054 -ReadSocket return A
1473874617 -13:36:57 -10054 -... is coming from ipcServer::ReadFromSocket
1473874626 -13:37:06 -10054 -ReadSocket return A
1473874626 -13:37:06 -10054 -... is coming from ipcServer::ReadFromSocket
1473876624 -14:10:24 -0 -ipcServer::ipcServer params
Port:      58015
Logfile:   C:/PULSAR/Projects/PPI/PoweredRail/Eval_Board_SOC/m2s010-som-fg484-1a-116-Rev1a_d_TxCol/synthesis/ipc_tcp_microsemi_srv.log
Reconnect: 0
Use ipv6:  0

1473879307 -14:55:07 -0 -ipcServer::ipcServer params
Port:      58015
Logfile:   C:/PULSAR/Projects/PPI/PoweredRail/Eval_Board_SOC/m2s010-som-fg484-1a-116-Rev1a_d_TxCol/synthesis/ipc_tcp_microsemi_srv.log
Reconnect: 0
Use ipv6:  0

1473880082 -15:08:02 -0 -ipcServer::ipcServer params
Port:      58015
Logfile:   C:/PULSAR/Projects/PPI/PoweredRail/Eval_Board_SOC/m2s010-som-fg484-1a-116-Rev1a_d_TxCol/synthesis/ipc_tcp_microsemi_srv.log
Reconnect: 0
Use ipv6:  0

1474117033 -08:57:13 -0 -ipcServer::ipcServer params
Port:      58015
Logfile:   C:/PULSAR/Projects/PPI/PoweredRail/Eval_Board_SOC/m2s010-som-fg484-1a-116-Rev1a_d_TxCol/synthesis/ipc_tcp_microsemi_srv.log
Reconnect: 0
Use ipv6:  0

1474118848 -09:27:28 -0 -ipcServer::ipcServer params
Port:      58015
Logfile:   C:/PULSAR/Projects/PPI/PoweredRail/Eval_Board_SOC/m2s010-som-fg484-1a-116-Rev1a_d_TxCol/synthesis/ipc_tcp_microsemi_srv.log
Reconnect: 0
Use ipv6:  0

1474118887 -09:28:07 -0 -ipcServer::ipcServer params
Port:      58015
Logfile:   C:/PULSAR/Projects/PPI/PoweredRail/Eval_Board_SOC/m2s010-som-fg484-1a-116-Rev1a_d_TxCol/synthesis/ipc_tcp_microsemi_srv.log
Reconnect: 0
Use ipv6:  0

1474121363 -10:09:23 -0 -ipcServer::ipcServer params
Port:      58015
Logfile:   C:/PULSAR/Projects/PPI/PoweredRail/Eval_Board_SOC/m2s010-som-fg484-1a-116-Rev1a_d_TxCol/synthesis/ipc_tcp_microsemi_srv.log
Reconnect: 0
Use ipv6:  0

1474122274 -10:24:34 -0 -ipcServer::ipcServer params
Port:      58015
Logfile:   C:/PULSAR/Projects/PPI/PoweredRail/Eval_Board_SOC/m2s010-som-fg484-1a-116-Rev1a_d_TxCol/synthesis/ipc_tcp_microsemi_srv.log
Reconnect: 0
Use ipv6:  0

1474123899 -10:51:39 -0 -ipcServer::ipcServer params
Port:      58015
Logfile:   C:/PULSAR/Projects/PPI/PoweredRail/Eval_Board_SOC/m2s010-som-fg484-1a-116-Rev1a_d_TxCol/synthesis/ipc_tcp_microsemi_srv.log
Reconnect: 0
Use ipv6:  0

1474125460 -11:17:40 -0 -ipcServer::ipcServer params
Port:      58015
Logfile:   C:/PULSAR/Projects/PPI/PoweredRail/Eval_Board_SOC/m2s010-som-fg484-1a-116-Rev1a_d_TxCol/synthesis/ipc_tcp_microsemi_srv.log
Reconnect: 0
Use ipv6:  0

1474127942 -11:59:02 -0 -ipcServer::ipcServer params
Port:      58015
Logfile:   C:/PULSAR/Projects/PPI/PoweredRail/Eval_Board_SOC/m2s010-som-fg484-1a-116-Rev1a_d_TxCol/synthesis/ipc_tcp_microsemi_srv.log
Reconnect: 0
Use ipv6:  0

1474130633 -12:43:53 -0 -ipcServer::ipcServer params
Port:      58015
Logfile:   C:/PULSAR/Projects/PPI/PoweredRail/Eval_Board_SOC/m2s010-som-fg484-1a-116-Rev1a_d_TxCol/synthesis/ipc_tcp_microsemi_srv.log
Reconnect: 0
Use ipv6:  0

1474420372 -21:12:52 -0 -ipcServer::ipcServer params
Port:      58015
Logfile:   C:/PULSAR/Projects/PPI/PoweredRail/Eval_Board_SOC/m2s010-som-fg484-1a-116-Rev1a_e/synthesis/ipc_tcp_microsemi_srv.log
Reconnect: 0
Use ipv6:  0

1474424091 -22:14:51 -0 -ipcServer::ipcServer params
Port:      58015
Logfile:   C:/PULSAR/Projects/PPI/PoweredRail/Eval_Board_SOC/m2s010-som-fg484-1a-116-Rev1a_e/synthesis/ipc_tcp_microsemi_srv.log
Reconnect: 0
Use ipv6:  0

1474899581 -10:19:41 -0 -ipcServer::ipcServer params
Port:      58015
Logfile:   C:/PULSAR/Projects/PPI/PoweredRail/Eval_Board_SOC/m2s010-som-fg484-1a-116-Rev1a_e/synthesis/ipc_tcp_microsemi_srv.log
Reconnect: 0
Use ipv6:  0

1474907072 -12:24:32 -0 -ipcServer::ipcServer params
Port:      58015
Logfile:   C:/PULSAR/Projects/PPI/PoweredRail/Eval_Board_SOC/m2s010-som-fg484-1a-116-Rev1a_e/synthesis/ipc_tcp_microsemi_srv.log
Reconnect: 0
Use ipv6:  0

1474907187 -12:26:27 -10054 -ReadSocket return A
1474907187 -12:26:27 -10054 -... is coming from ipcServer::ReadFromSocket
1474910257 -13:17:37 -0 -ipcServer::ipcServer params
Port:      58015
Logfile:   C:/PULSAR/Projects/PPI/PoweredRail/Eval_Board_SOC/m2s010-som-fg484-1a-116-Rev1a_e/synthesis/ipc_tcp_microsemi_srv.log
Reconnect: 0
Use ipv6:  0

1474912548 -13:55:48 -0 -ipcServer::ipcServer params
Port:      58015
Logfile:   C:/PULSAR/Projects/PPI/PoweredRail/Eval_Board_SOC/m2s010-som-fg484-1a-116-Rev1a_e/synthesis/ipc_tcp_microsemi_srv.log
Reconnect: 0
Use ipv6:  0

1474920602 -16:10:02 -0 -ipcServer::ipcServer params
Port:      58015
Logfile:   C:/PULSAR/Projects/PPI/PoweredRail/Eval_Board_SOC/m2s010-som-fg484-1a-116-Rev1a_e/synthesis/ipc_tcp_microsemi_srv.log
Reconnect: 0
Use ipv6:  0

1474922460 -16:41:00 -0 -ipcServer::ipcServer params
Port:      58015
Logfile:   C:/PULSAR/Projects/PPI/PoweredRail/Eval_Board_SOC/m2s010-som-fg484-1a-116-Rev1a_e/synthesis/ipc_tcp_microsemi_srv.log
Reconnect: 0
Use ipv6:  0

1474987556 -10:45:56 -0 -ipcServer::ipcServer params
Port:      58015
Logfile:   C:/PULSAR/Projects/PPI/PoweredRail/Eval_Board_SOC/m2s010-som-fg484-1a-116-Rev1a_e/synthesis/ipc_tcp_microsemi_srv.log
Reconnect: 0
Use ipv6:  0

1484407807 -10:30:07 -0 -ipcServer::ipcServer params
Port:      58015
Logfile:   C:/PULSAR/Projects/PPI/PoweredRail/Common_Module_SOC/CommonModule_Rev1_2/synthesis/ipc_tcp_microsemi_srv.log
Reconnect: 0
Use ipv6:  0

1484500743 -12:19:03 -0 -ipcServer::ipcServer params
Port:      58015
Logfile:   C:/PULSAR/Projects/PPI/PoweredRail/Common_Module_SOC/CommonModule_Rev1_2/synthesis/ipc_tcp_microsemi_srv.log
Reconnect: 0
Use ipv6:  0

1484501757 -12:35:57 -0 -ipcServer::ipcServer params
Port:      58015
Logfile:   C:/PULSAR/Projects/PPI/PoweredRail/Common_Module_SOC/CommonModule_Rev1_2/synthesis/ipc_tcp_microsemi_srv.log
Reconnect: 0
Use ipv6:  0

1484502510 -12:48:30 -0 -ipcServer::ipcServer params
Port:      58015
Logfile:   C:/PULSAR/Projects/PPI/PoweredRail/Common_Module_SOC/CommonModule_Rev1_2/synthesis/ipc_tcp_microsemi_srv.log
Reconnect: 0
Use ipv6:  0

1485785402 -09:10:02 -0 -ipcServer::ipcServer params
Port:      58015
Logfile:   C:/PULSAR/Projects/PPI/PoweredRail/Common_Module_SOC/CommonModule_Rev1_3/synthesis/ipc_tcp_microsemi_srv.log
Reconnect: 0
Use ipv6:  0

1485788249 -09:57:29 -0 -ipcServer::ipcServer params
Port:      58015
Logfile:   C:/PULSAR/Projects/PPI/PoweredRail/Common_Module_SOC/CommonModule_Rev1_3/synthesis/ipc_tcp_microsemi_srv.log
Reconnect: 0
Use ipv6:  0

1485790655 -10:37:35 -0 -ipcServer::ipcServer params
Port:      58015
Logfile:   C:/PULSAR/Projects/PPI/PoweredRail/Common_Module_SOC/CommonModule_Rev1_3/synthesis/ipc_tcp_microsemi_srv.log
Reconnect: 0
Use ipv6:  0

1485791777 -10:56:17 -0 -ipcServer::ipcServer params
Port:      58015
Logfile:   C:/PULSAR/Projects/PPI/PoweredRail/Common_Module_SOC/CommonModule_Rev1_3/synthesis/ipc_tcp_microsemi_srv.log
Reconnect: 0
Use ipv6:  0

1485897741 -16:22:21 -0 -ipcServer::ipcServer params
Port:      58015
Logfile:   C:/PULSAR/Projects/PPI/PoweredRail/Common_Module_SOC/CommonModule_Rev1_3/synthesis/ipc_tcp_microsemi_srv.log
Reconnect: 0
Use ipv6:  0

1485903735 -18:02:15 -0 -ipcServer::ipcServer params
Port:      58015
Logfile:   C:/PULSAR/Projects/PPI/PoweredRail/Common_Module_SOC/CommonModule_Rev1_3/synthesis/ipc_tcp_microsemi_srv.log
Reconnect: 0
Use ipv6:  0

1486221519 -10:18:39 -0 -ipcServer::ipcServer params
Port:      58015
Logfile:   C:/PULSAR/Projects/PPI/PoweredRail/Common_Module_SOC/CommonModule_Rev1_3/synthesis/ipc_tcp_microsemi_srv.log
Reconnect: 0
Use ipv6:  0

1486224241 -11:04:01 -0 -ipcServer::ipcServer params
Port:      58015
Logfile:   C:/PULSAR/Projects/PPI/PoweredRail/Common_Module_SOC/CommonModule_Rev1_3/synthesis/ipc_tcp_microsemi_srv.log
Reconnect: 0
Use ipv6:  0

1486226625 -11:43:45 -0 -ipcServer::ipcServer params
Port:      58015
Logfile:   C:/PULSAR/Projects/PPI/PoweredRail/Common_Module_SOC/CommonModule_Rev1_3/synthesis/ipc_tcp_microsemi_srv.log
Reconnect: 0
Use ipv6:  0

1486228611 -12:16:51 -0 -ipcServer::ipcServer params
Port:      58015
Logfile:   C:/PULSAR/Projects/PPI/PoweredRail/Common_Module_SOC/CommonModule_Rev1_3/synthesis/ipc_tcp_microsemi_srv.log
Reconnect: 0
Use ipv6:  0

1486229593 -12:33:13 -0 -ipcServer::ipcServer params
Port:      58015
Logfile:   C:/PULSAR/Projects/PPI/PoweredRail/Common_Module_SOC/CommonModule_Rev1_3/synthesis/ipc_tcp_microsemi_srv.log
Reconnect: 0
Use ipv6:  0

1486229744 -12:35:44 -0 -ipcServer::ipcServer params
Port:      58015
Logfile:   C:/PULSAR/Projects/PPI/PoweredRail/Common_Module_SOC/CommonModule_Rev1_3/synthesis/ipc_tcp_microsemi_srv.log
Reconnect: 0
Use ipv6:  0

1486231184 -12:59:44 -0 -ipcServer::ipcServer params
Port:      58015
Logfile:   C:/PULSAR/Projects/PPI/PoweredRail/Common_Module_SOC/CommonModule_Rev1_3/synthesis/ipc_tcp_microsemi_srv.log
Reconnect: 0
Use ipv6:  0

1486233348 -13:35:48 -0 -ipcServer::ipcServer params
Port:      58015
Logfile:   C:/PULSAR/Projects/PPI/PoweredRail/Common_Module_SOC/CommonModule_Rev1_3/synthesis/ipc_tcp_microsemi_srv.log
Reconnect: 0
Use ipv6:  0

1486234903 -14:01:43 -0 -ipcServer::ipcServer params
Port:      58015
Logfile:   C:/PULSAR/Projects/PPI/PoweredRail/Common_Module_SOC/CommonModule_Rev1_3/synthesis/ipc_tcp_microsemi_srv.log
Reconnect: 0
Use ipv6:  0

1486250427 -18:20:27 -0 -ipcServer::ipcServer params
Port:      58015
Logfile:   C:/PULSAR/Projects/PPI/PoweredRail/Common_Module_SOC/CommonModule_Rev1_3/synthesis/ipc_tcp_microsemi_srv.log
Reconnect: 0
Use ipv6:  0

1486394584 -10:23:04 -0 -ipcServer::ipcServer params
Port:      58015
Logfile:   C:/PULSAR/Projects/PPI/PoweredRail/Common_Module_SOC/CommonModule_Rev1_3/synthesis/ipc_tcp_microsemi_srv.log
Reconnect: 0
Use ipv6:  0

1502473492 -13:44:52 -17563916 -ipcServer::ipcServer params
Port:      58015
Logfile:   C:/Users/gcallsen/Documents/Projects/FPGA/ModelSimRecovery/synthesis/ipc_tcp_microsemi_srv.log
Reconnect: 0
Use ipv6:  0

1502474947 -14:09:07 -1 -ipcServer.RunServer, loop stopped normal.
1502475400 -14:16:40 -17563916 -ipcServer::ipcServer params
Port:      58015
Logfile:   C:/Users/gcallsen/Documents/Projects/FPGA/ModelSimRecovery/synthesis/ipc_tcp_microsemi_srv.log
Reconnect: 0
Use ipv6:  0

1502475515 -14:18:35 -1 -ipcServer.RunServer, loop stopped normal.
1502477471 -14:51:11 -17563916 -ipcServer::ipcServer params
Port:      58015
Logfile:   C:/Users/gcallsen/Documents/Projects/FPGA/ModelSimRecovery/synthesis/ipc_tcp_microsemi_srv.log
Reconnect: 0
Use ipv6:  0

1502806970 -10:22:50 -17563916 -ipcServer::ipcServer params
Port:      58015
Logfile:   C:/Users/gcallsen/Documents/Projects/FPGA/1v6_Linux_4KLA_Lost_packets081317/synthesis/ipc_tcp_microsemi_srv.log
Reconnect: 0
Use ipv6:  0

1502808349 -10:45:49 -1 -ipcServer.RunServer, loop stopped normal.
1502997414 -15:16:54 -17563916 -ipcServer::ipcServer params
Port:      58015
Logfile:   C:/Users/gcallsen/Documents/Projects/FPGA/1v6_Linux_4KLA_Lost_packets081317/synthesis/ipc_tcp_microsemi_srv.log
Reconnect: 0
Use ipv6:  0

1502997765 -15:22:45 -10054 -ReadSocket return A
1502997765 -15:22:45 -10054 -... is coming from ipcServer::ReadFromSocket
1502997880 -15:24:40 -1 -ipcServer.RunServer, loop stopped normal.
1503059063 -08:24:23 -17563916 -ipcServer::ipcServer params
Port:      58015
Logfile:   C:/Users/gcallsen/Documents/Projects/FPGA/1v6_Linux_4KLA_Lost_packets081317/synthesis/ipc_tcp_microsemi_srv.log
Reconnect: 0
Use ipv6:  0

1503059279 -08:27:59 -1 -ipcServer.RunServer, loop stopped normal.
1503069577 -11:19:37 -17563916 -ipcServer::ipcServer params
Port:      58015
Logfile:   C:/Users/gcallsen/Documents/Projects/FPGA/1v6_Linux_4KLA_Lost_packets081317/synthesis/ipc_tcp_microsemi_srv.log
Reconnect: 0
Use ipv6:  0

1503077099 -13:24:59 -1 -ipcServer.RunServer, loop stopped normal.
1503669048 -09:50:48 -17563916 -ipcServer::ipcServer params
Port:      58015
Logfile:   C:/Users/gcallsen/Documents/Projects/FPGA/v1_6-082417-DebugCol/synthesis/ipc_tcp_microsemi_srv.log
Reconnect: 0
Use ipv6:  0

1503669170 -09:52:50 -1 -ipcServer.RunServer, loop stopped normal.
1503671244 -10:27:24 -17563916 -ipcServer::ipcServer params
Port:      58015
Logfile:   C:/Users/gcallsen/Documents/Projects/FPGA/v1_6-082417-DebugCol/synthesis/ipc_tcp_microsemi_srv.log
Reconnect: 0
Use ipv6:  0

1503671337 -10:28:57 -1 -ipcServer.RunServer, loop stopped normal.
1503671868 -10:37:48 -17563916 -ipcServer::ipcServer params
Port:      58015
Logfile:   C:/Users/gcallsen/Documents/Projects/FPGA/v1_6-082417-DebugCol/synthesis/ipc_tcp_microsemi_srv.log
Reconnect: 0
Use ipv6:  0

1503685936 -14:32:16 -1 -ipcServer.RunServer, loop stopped normal.
1503687460 -14:57:40 -17563916 -ipcServer::ipcServer params
Port:      58015
Logfile:   C:/Users/gcallsen/Documents/Projects/FPGA/v1_6-082417-DebugCol/synthesis/ipc_tcp_microsemi_srv.log
Reconnect: 0
Use ipv6:  0

1504012299 -09:11:39 -17563916 -ipcServer::ipcServer params
Port:      58015
Logfile:   C:/Users/gcallsen/Documents/Projects/FPGA/v1_6-082417-DebugCol/synthesis/ipc_tcp_microsemi_srv.log
Reconnect: 0
Use ipv6:  0

1504012388 -09:13:08 -1 -ipcServer.RunServer, loop stopped normal.
1504012596 -09:16:36 -17563916 -ipcServer::ipcServer params
Port:      58015
Logfile:   C:/Users/gcallsen/Documents/Projects/FPGA/v1_6-082417-DebugCol/synthesis/ipc_tcp_microsemi_srv.log
Reconnect: 0
Use ipv6:  0

1504016257 -10:17:37 -1 -ipcServer.RunServer, loop stopped normal.
1504018733 -10:58:53 -17563916 -ipcServer::ipcServer params
Port:      58015
Logfile:   C:/Users/gcallsen/Documents/Projects/FPGA/v1_6-082417-DebugCol/synthesis/ipc_tcp_microsemi_srv.log
Reconnect: 0
Use ipv6:  0

1504023693 -12:21:33 -1 -ipcServer.RunServer, loop stopped normal.
1504024553 -12:35:53 -17563916 -ipcServer::ipcServer params
Port:      58015
Logfile:   C:/Users/gcallsen/Documents/Projects/FPGA/v1_6-082417-DebugCol/synthesis/ipc_tcp_microsemi_srv.log
Reconnect: 0
Use ipv6:  0

1504031517 -14:31:57 -1 -ipcServer.RunServer, loop stopped normal.
1504031633 -14:33:53 -17563916 -ipcServer::ipcServer params
Port:      58015
Logfile:   C:/Users/gcallsen/Documents/Projects/FPGA/v1_6-082417-DebugCol/synthesis/ipc_tcp_microsemi_srv.log
Reconnect: 0
Use ipv6:  0

1504033651 -15:07:31 -1 -ipcServer.RunServer, loop stopped normal.
1504036503 -15:55:03 -17563916 -ipcServer::ipcServer params
Port:      58015
Logfile:   C:/Users/gcallsen/Documents/Projects/FPGA/v1_6-082417-DebugCol/synthesis/ipc_tcp_microsemi_srv.log
Reconnect: 0
Use ipv6:  0

1504036747 -15:59:07 -1 -ipcServer.RunServer, loop stopped normal.
1504095679 -08:21:19 -17563916 -ipcServer::ipcServer params
Port:      58015
Logfile:   C:/Users/gcallsen/Documents/Projects/FPGA/v1_6-082417-DebugCol/synthesis/ipc_tcp_microsemi_srv.log
Reconnect: 0
Use ipv6:  0

1504097930 -08:58:50 -1 -ipcServer.RunServer, loop stopped normal.
1504098041 -09:00:41 -17563916 -ipcServer::ipcServer params
Port:      58015
Logfile:   C:/Users/gcallsen/Documents/Projects/FPGA/v1_6-082417-DebugCol/synthesis/ipc_tcp_microsemi_srv.log
Reconnect: 0
Use ipv6:  0

1504106634 -11:23:54 -1 -ipcServer.RunServer, loop stopped normal.
1504117397 -14:23:17 -17563916 -ipcServer::ipcServer params
Port:      58015
Logfile:   C:/Users/gcallsen/Documents/Projects/FPGA/v1_6-082417-DebugCol/synthesis/ipc_tcp_microsemi_srv.log
Reconnect: 0
Use ipv6:  0

1504117514 -14:25:14 -1 -ipcServer.RunServer, loop stopped normal.
1504117612 -14:26:52 -17563916 -ipcServer::ipcServer params
Port:      58015
Logfile:   C:/Users/gcallsen/Documents/Projects/FPGA/v1_6-082417-DebugCol/synthesis/ipc_tcp_microsemi_srv.log
Reconnect: 0
Use ipv6:  0

1504118063 -14:34:23 -1 -ipcServer.RunServer, loop stopped normal.
1504120066 -15:07:46 -17563916 -ipcServer::ipcServer params
Port:      58015
Logfile:   C:/Users/gcallsen/Documents/Projects/FPGA/v1_6-082417-DebugCol/synthesis/ipc_tcp_microsemi_srv.log
Reconnect: 0
Use ipv6:  0

1504120833 -15:20:33 -1 -ipcServer.RunServer, loop stopped normal.
1504121658 -15:34:18 -17563916 -ipcServer::ipcServer params
Port:      58015
Logfile:   C:/Users/gcallsen/Documents/Projects/FPGA/v1_6-082417-DebugCol/synthesis/ipc_tcp_microsemi_srv.log
Reconnect: 0
Use ipv6:  0

1504122337 -15:45:37 -1 -ipcServer.RunServer, loop stopped normal.
1504269278 -08:34:38 -17563916 -ipcServer::ipcServer params
Port:      58015
Logfile:   C:/Users/gcallsen/Documents/Projects/FPGA/v1_6-082417-DebugCol/synthesis/ipc_tcp_microsemi_srv.log
Reconnect: 0
Use ipv6:  0

1504271241 -09:07:21 -1 -ipcServer.RunServer, loop stopped normal.
1504272628 -09:30:28 -17563916 -ipcServer::ipcServer params
Port:      58015
Logfile:   C:/Users/gcallsen/Documents/Projects/FPGA/v1_6-082417-DebugCol/synthesis/ipc_tcp_microsemi_srv.log
Reconnect: 0
Use ipv6:  0

1504272653 -09:30:53 -1 -ipcServer.RunServer, loop stopped normal.
1504276025 -10:27:05 -17563916 -ipcServer::ipcServer params
Port:      58015
Logfile:   C:/Users/gcallsen/Documents/Projects/FPGA/v1_6-082417-DebugCol/synthesis/ipc_tcp_microsemi_srv.log
Reconnect: 0
Use ipv6:  0

1504279629 -11:27:09 -1 -ipcServer.RunServer, loop stopped normal.
1504280412 -11:40:12 -17563916 -ipcServer::ipcServer params
Port:      58015
Logfile:   C:/Users/gcallsen/Documents/Projects/FPGA/v1_6-082417-DebugCol/synthesis/ipc_tcp_microsemi_srv.log
Reconnect: 0
Use ipv6:  0

1504281245 -11:54:05 -1 -ipcServer.RunServer, loop stopped normal.
1504282988 -12:23:08 -17563916 -ipcServer::ipcServer params
Port:      58015
Logfile:   C:/Users/gcallsen/Documents/Projects/FPGA/v1_6-082417-DebugCol/synthesis/ipc_tcp_microsemi_srv.log
Reconnect: 0
Use ipv6:  0

1504283515 -12:31:55 -1 -ipcServer.RunServer, loop stopped normal.
1504285270 -13:01:10 -17563916 -ipcServer::ipcServer params
Port:      58015
Logfile:   C:/Users/gcallsen/Documents/Projects/FPGA/v1_6-082417-DebugCol/synthesis/ipc_tcp_microsemi_srv.log
Reconnect: 0
Use ipv6:  0

1504286793 -13:26:33 -1 -ipcServer.RunServer, loop stopped normal.
1504286832 -13:27:12 -17563916 -ipcServer::ipcServer params
Port:      58015
Logfile:   C:/Users/gcallsen/Documents/Projects/FPGA/v1_6-082417-DebugCol/synthesis/ipc_tcp_microsemi_srv.log
Reconnect: 0
Use ipv6:  0

1504291565 -14:46:05 -1 -ipcServer.RunServer, loop stopped normal.
1504291618 -14:46:58 -17563916 -ipcServer::ipcServer params
Port:      58015
Logfile:   C:/Users/gcallsen/Documents/Projects/FPGA/v1_6-082417-DebugCol/synthesis/ipc_tcp_microsemi_srv.log
Reconnect: 0
Use ipv6:  0

1504293806 -15:23:26 -1 -ipcServer.RunServer, loop stopped normal.
1504353948 -08:05:48 -17563916 -ipcServer::ipcServer params
Port:      58015
Logfile:   C:/Users/gcallsen/Documents/Projects/FPGA/v1_6-082417-DebugCol/synthesis/ipc_tcp_microsemi_srv.log
Reconnect: 0
Use ipv6:  0

1504354547 -08:15:47 -1 -ipcServer.RunServer, loop stopped normal.
1504355926 -08:38:46 -17563916 -ipcServer::ipcServer params
Port:      58015
Logfile:   C:/Users/gcallsen/Documents/Projects/FPGA/v1_6-082417-DebugCol/synthesis/ipc_tcp_microsemi_srv.log
Reconnect: 0
Use ipv6:  0

1504359356 -09:35:56 -1 -ipcServer.RunServer, loop stopped normal.
1504368760 -12:12:40 -17563916 -ipcServer::ipcServer params
Port:      58015
Logfile:   C:/Users/gcallsen/Documents/Projects/FPGA/v1_6-082417-DebugCol/synthesis/ipc_tcp_microsemi_srv.log
Reconnect: 0
Use ipv6:  0

1504372864 -13:21:04 -1 -ipcServer.RunServer, loop stopped normal.
1504373991 -13:39:51 -17563916 -ipcServer::ipcServer params
Port:      58015
Logfile:   C:/Users/gcallsen/Documents/Projects/FPGA/v1_6-082417-DebugCol/synthesis/ipc_tcp_microsemi_srv.log
Reconnect: 0
Use ipv6:  0

1504375821 -14:10:21 -1 -ipcServer.RunServer, loop stopped normal.
