
Starting:    C:\Microsemi\Libero_SoC_v11.8\SynplifyPro\bin64\mbin\synbatch.exe
Install:     C:\Microsemi\Libero_SoC_v11.8\SynplifyPro
Hostname:    GCALLSEN
Date:        Fri Sep 08 15:20:04 2017
Version:     L-2016.09M-2

Arguments:   -product synplify_pro -licensetype synplifypro_actel -batch -log synplify.log m2s010_som_syn.tcl
ProductType: synplify_pro

License checkout: synplifypro_actel
License: synplifypro_actel node-locked 
Licensed Vendor: actel
License Option: actel_oem

Running in Vendor Mode


auto_infer_blackbox is not supported in current product.

log file: "C:\Users\gcallsen\Documents\GitHub\IRAIL-1.6-FPGA\synthesis\rev_9\m2s010_som.srr"

Running: rev_9 in foreground



Running m2s010_som_syn|rev_9


Running: compile (Compile) on m2s010_som_syn|rev_9
# Fri Sep 08 15:20:04 2017


Running: compile_flow (Compile Process) on m2s010_som_syn|rev_9
# Fri Sep 08 15:20:04 2017


Running: compiler (Compile Input) on m2s010_som_syn|rev_9
# Fri Sep 08 15:20:04 2017

Copied C:\Users\gcallsen\Documents\GitHub\IRAIL-1.6-FPGA\synthesis\rev_9\synwork\m2s010_som_comp.srs to C:\Users\gcallsen\Documents\GitHub\IRAIL-1.6-FPGA\synthesis\rev_9\m2s010_som.srs


compiler completed
# Fri Sep 08 15:20:07 2017

Return Code: 0
Run Time:00h:00m:03s


Running: multi_srs_gen (Multi-srs Generator) on m2s010_som_syn|rev_9
# Fri Sep 08 15:20:07 2017


multi_srs_gen completed
# Fri Sep 08 15:20:07 2017

Return Code: 0
Run Time:00h:00m:00s

Copied C:\Users\gcallsen\Documents\GitHub\IRAIL-1.6-FPGA\synthesis\rev_9\synwork\m2s010_som_mult.srs to C:\Users\gcallsen\Documents\GitHub\IRAIL-1.6-FPGA\synthesis\rev_9\m2s010_som.srs

Complete: Compile Process on m2s010_som_syn|rev_9


Running: premap (Pre-mapping) on m2s010_som_syn|rev_9
# Fri Sep 08 15:20:07 2017


premap completed with warnings
# Fri Sep 08 15:20:08 2017

Return Code: 1
Run Time:00h:00m:01s

Complete: Compile on m2s010_som_syn|rev_9


Running: map (Map) on m2s010_som_syn|rev_9
# Fri Sep 08 15:20:08 2017

License granted for 4 parallel jobs


Running: fpga_mapper (Map & Optimize) on m2s010_som_syn|rev_9
# Fri Sep 08 15:20:08 2017

Copied C:\Users\gcallsen\Documents\GitHub\IRAIL-1.6-FPGA\synthesis\rev_9\synwork\m2s010_som_m.srm to C:\Users\gcallsen\Documents\GitHub\IRAIL-1.6-FPGA\synthesis\rev_9\m2s010_som.srm


fpga_mapper completed with warnings
# Fri Sep 08 15:20:17 2017

Return Code: 1
Run Time:00h:00m:09s

Complete: Map on m2s010_som_syn|rev_9

Complete: Logic Synthesis on m2s010_som_syn|rev_9

TCL script complete: "m2s010_som_syn.tcl"

exit status=0

exit status=0

License checkin: synplifypro_actel

