-------------------------------------
 External Hold Repair Report 
-------------------------------------
 Iteration 1  
 Total I/O input ports improved: 0       
-------------------------------------



-------------------------
 Min-delay Repair Report 
-------------------------
 Iteration 1  
 Total paths eligible for improvement: 47      
 Total paths improved: 3       
-------------------------

Path 1
------------------------
From: CommsFPGA_top_0/FIFOS_INST/RECEIVE_FIFO_2/FIFO_8Kx9_0/L31.U_corefifo_async/rptr_gray[8]:CLK
  To: CommsFPGA_top_0/FIFOS_INST/RECEIVE_FIFO_2/FIFO_8Kx9_0/L31.U_corefifo_async/Rd_corefifo_doubleSync/sync_int[8]:D
------------------------
Path min-delay slack:      -309 ps
------------------------
  On sink pin: CommsFPGA_top_0/FIFOS_INST/RECEIVE_FIFO_2/FIFO_8Kx9_0/L31_U_corefifo_async/Rd_corefifo_doubleSync/sync_int[8]:D
-------------------------------------
  Pin max-delay slack:      814 ps
  Min-delay inserted:       191 ps ( Estimated )
  ----------------------------
  Delay buffers inserted before the sink:
      mdr_CommsFPGA_top_0/FIFOS_INST/RECEIVE_FIFO_2/FIFO_8Kx9_0/L31_U_corefifo_async/Rd_corefifo_doubleSync/sync_int[8]_CFG1A_TEST


Path 2
------------------------
From: CommsFPGA_top_0/FIFOS_INST/RECEIVE_FIFO_0/FIFO_8Kx9_0/L31.U_corefifo_async/rptr_gray[10]:CLK
  To: CommsFPGA_top_0/FIFOS_INST/RECEIVE_FIFO_0/FIFO_8Kx9_0/L31.U_corefifo_async/Rd_corefifo_doubleSync/sync_int[10]:D
------------------------
Path min-delay slack:      -303 ps
------------------------
  On sink pin: CommsFPGA_top_0/FIFOS_INST/RECEIVE_FIFO_0/FIFO_8Kx9_0/L31_U_corefifo_async/Rd_corefifo_doubleSync/sync_int[10]:D
-------------------------------------
  Pin max-delay slack:      805 ps
  Min-delay inserted:       193 ps ( Estimated )
  ----------------------------
  Delay buffers inserted before the sink:
      mdr_CommsFPGA_top_0/FIFOS_INST/RECEIVE_FIFO_0/FIFO_8Kx9_0/L31_U_corefifo_async/Rd_corefifo_doubleSync/sync_int[10]_CFG1A_TEST


Path 3
------------------------
From: CommsFPGA_top_0/FIFOS_INST/RECEIVE_FIFO_0/FIFO_8Kx9_0/L31.U_corefifo_async/rptr_gray[9]:CLK
  To: CommsFPGA_top_0/FIFOS_INST/RECEIVE_FIFO_0/FIFO_8Kx9_0/L31.U_corefifo_async/Rd_corefifo_doubleSync/sync_int[9]:D
------------------------
Path min-delay slack:      -300 ps
------------------------
  On sink pin: CommsFPGA_top_0/FIFOS_INST/RECEIVE_FIFO_0/FIFO_8Kx9_0/L31_U_corefifo_async/Rd_corefifo_doubleSync/sync_int[9]:D
-------------------------------------
  Pin max-delay slack:      800 ps
  Min-delay inserted:       189 ps ( Estimated )
  ----------------------------
  Delay buffers inserted before the sink:
      mdr_CommsFPGA_top_0/FIFOS_INST/RECEIVE_FIFO_0/FIFO_8Kx9_0/L31_U_corefifo_async/Rd_corefifo_doubleSync/sync_int[9]_CFG1A_TEST


Path 4
------------------------
From: CommsFPGA_top_0/FIFOS_INST/RECEIVE_FIFO_0/FIFO_8Kx9_0/L31.U_corefifo_async/rptr_gray[7]:CLK
  To: CommsFPGA_top_0/FIFOS_INST/RECEIVE_FIFO_0/FIFO_8Kx9_0/L31.U_corefifo_async/Rd_corefifo_doubleSync/sync_int[7]:D
------------------------
Path min-delay slack:      -383 ps
------------------------
... None of the following nets could be modified:
      m2s010_som_sb_0/CCC_0/GL0_INST/U0_YWn
      m2s010_som_sb_0/CCC_0/GL0_net
      CommsFPGA_top_0/FIFOS_INST/RECEIVE_FIFO_0/FIFO_8Kx9_0/L31_U_corefifo_async/rptr_gray[7]
      m2s010_som_sb_0/CCC_0/GL0_INST/U0_RGB1_RGB15_rgbr_net_1

Path 5
------------------------
From: CommsFPGA_top_0/FIFOS_INST/RECEIVE_FIFO_2/FIFO_8Kx9_0/L31.U_corefifo_async/rptr_gray[6]:CLK
  To: CommsFPGA_top_0/FIFOS_INST/RECEIVE_FIFO_2/FIFO_8Kx9_0/L31.U_corefifo_async/Rd_corefifo_doubleSync/sync_int[6]:D
------------------------
Path min-delay slack:      -366 ps
------------------------
... None of the following nets could be modified:
      m2s010_som_sb_0/CCC_0/GL0_INST/U0_YWn
      m2s010_som_sb_0/CCC_0/GL0_net
      CommsFPGA_top_0/FIFOS_INST/RECEIVE_FIFO_2/FIFO_8Kx9_0/L31_U_corefifo_async/rptr_gray[6]
      m2s010_som_sb_0/CCC_0/GL0_INST/U0_RGB1_RGB9_rgbr_net_1

Path 6
------------------------
From: CommsFPGA_top_0/FIFOS_INST/RECEIVE_FIFO_3/FIFO_8Kx9_0/L31.U_corefifo_async/rptr_gray[5]:CLK
  To: CommsFPGA_top_0/FIFOS_INST/RECEIVE_FIFO_3/FIFO_8Kx9_0/L31.U_corefifo_async/Rd_corefifo_doubleSync/sync_int[5]:D
------------------------
Path min-delay slack:      -364 ps
------------------------
... None of the following nets could be modified:
      m2s010_som_sb_0/CCC_0/GL0_INST/U0_YWn
      m2s010_som_sb_0/CCC_0/GL0_net
      CommsFPGA_top_0/FIFOS_INST/RECEIVE_FIFO_3/FIFO_8Kx9_0/L31_U_corefifo_async/rptr_gray[5]
      m2s010_som_sb_0/CCC_0/GL0_INST/U0_RGB1_RGB20_rgbr_net_1

Path 7
------------------------
From: CommsFPGA_top_0/FIFOS_INST/RECEIVE_FIFO_2/FIFO_8Kx9_0/L31.U_corefifo_async/rptr_gray[10]:CLK
  To: CommsFPGA_top_0/FIFOS_INST/RECEIVE_FIFO_2/FIFO_8Kx9_0/L31.U_corefifo_async/Rd_corefifo_doubleSync/sync_int[10]:D
------------------------
Path min-delay slack:      -302 ps
------------------------
... None of the following nets could be modified:
      m2s010_som_sb_0/CCC_0/GL0_INST/U0_YWn
      m2s010_som_sb_0/CCC_0/GL0_net
      CommsFPGA_top_0/FIFOS_INST/RECEIVE_FIFO_2/FIFO_8Kx9_0/L31_U_corefifo_async/rptr_gray[10]
      m2s010_som_sb_0/CCC_0/GL0_INST/U0_RGB1_RGB9_rgbr_net_1

Path 8
------------------------
From: CommsFPGA_top_0/FIFOS_INST/RECEIVE_FIFO_0/FIFO_8Kx9_0/L31.U_corefifo_async/rptr_gray[2]:CLK
  To: CommsFPGA_top_0/FIFOS_INST/RECEIVE_FIFO_0/FIFO_8Kx9_0/L31.U_corefifo_async/Rd_corefifo_doubleSync/sync_int[2]:D
------------------------
Path min-delay slack:      -301 ps
------------------------
... None of the following nets could be modified:
      m2s010_som_sb_0/CCC_0/GL0_INST/U0_YWn
      m2s010_som_sb_0/CCC_0/GL0_net
      CommsFPGA_top_0/FIFOS_INST/RECEIVE_FIFO_0/FIFO_8Kx9_0/L31_U_corefifo_async/rptr_gray[2]
      m2s010_som_sb_0/CCC_0/GL0_INST/U0_RGB1_RGB15_rgbr_net_1

Path 9
------------------------
From: CommsFPGA_top_0/FIFOS_INST/RECEIVE_FIFO_1/FIFO_8Kx9_0/L31.U_corefifo_async/rptr_gray[6]:CLK
  To: CommsFPGA_top_0/FIFOS_INST/RECEIVE_FIFO_1/FIFO_8Kx9_0/L31.U_corefifo_async/Rd_corefifo_doubleSync/sync_int[6]:D
------------------------
Path min-delay slack:      -298 ps
------------------------
... None of the following nets could be modified:
      m2s010_som_sb_0/CCC_0/GL0_INST/U0_YWn
      m2s010_som_sb_0/CCC_0/GL0_net
      CommsFPGA_top_0/FIFOS_INST/RECEIVE_FIFO_1/FIFO_8Kx9_0/L31_U_corefifo_async/rptr_gray[6]
      m2s010_som_sb_0/CCC_0/GL0_INST/U0_RGB1_RGB26_rgbr_net_1

Path 10
------------------------
From: CommsFPGA_top_0/FIFOS_INST/RECEIVE_FIFO_3/FIFO_8Kx9_0/L31.U_corefifo_async/rptr_gray[8]:CLK
  To: CommsFPGA_top_0/FIFOS_INST/RECEIVE_FIFO_3/FIFO_8Kx9_0/L31.U_corefifo_async/Rd_corefifo_doubleSync/sync_int[8]:D
------------------------
Path min-delay slack:      -297 ps
------------------------
... None of the following nets could be modified:
      m2s010_som_sb_0/CCC_0/GL0_INST/U0_YWn
      m2s010_som_sb_0/CCC_0/GL0_net
      CommsFPGA_top_0/FIFOS_INST/RECEIVE_FIFO_3/FIFO_8Kx9_0/L31_U_corefifo_async/rptr_gray[8]
      m2s010_som_sb_0/CCC_0/GL0_INST/U0_RGB1_RGB20_rgbr_net_1

Path 11
------------------------
From: CommsFPGA_top_0/FIFOS_INST/RECEIVE_FIFO_1/FIFO_8Kx9_0/L31.U_corefifo_async/rptr_gray[5]:CLK
  To: CommsFPGA_top_0/FIFOS_INST/RECEIVE_FIFO_1/FIFO_8Kx9_0/L31.U_corefifo_async/Rd_corefifo_doubleSync/sync_int[5]:D
------------------------
Path min-delay slack:      -296 ps
------------------------
... None of the following nets could be modified:
      m2s010_som_sb_0/CCC_0/GL0_INST/U0_YWn
      m2s010_som_sb_0/CCC_0/GL0_net
      CommsFPGA_top_0/FIFOS_INST/RECEIVE_FIFO_1/FIFO_8Kx9_0/L31_U_corefifo_async/rptr_gray[5]
      m2s010_som_sb_0/CCC_0/GL0_INST/U0_RGB1_RGB26_rgbr_net_1

Path 12
------------------------
From: CommsFPGA_top_0/FIFOS_INST/RECEIVE_FIFO_1/FIFO_8Kx9_0/L31.U_corefifo_async/rptr_gray[7]:CLK
  To: CommsFPGA_top_0/FIFOS_INST/RECEIVE_FIFO_1/FIFO_8Kx9_0/L31.U_corefifo_async/Rd_corefifo_doubleSync/sync_int[7]:D
------------------------
Path min-delay slack:      -293 ps
------------------------
... None of the following nets could be modified:
      m2s010_som_sb_0/CCC_0/GL0_INST/U0_YWn
      m2s010_som_sb_0/CCC_0/GL0_net
      CommsFPGA_top_0/FIFOS_INST/RECEIVE_FIFO_1/FIFO_8Kx9_0/L31_U_corefifo_async/rptr_gray[7]
      m2s010_som_sb_0/CCC_0/GL0_INST/U0_RGB1_RGB26_rgbr_net_1

Path 13
------------------------
From: CommsFPGA_top_0/FIFOS_INST/RECEIVE_FIFO_1/FIFO_8Kx9_0/L31.U_corefifo_async/rptr_gray[4]:CLK
  To: CommsFPGA_top_0/FIFOS_INST/RECEIVE_FIFO_1/FIFO_8Kx9_0/L31.U_corefifo_async/Rd_corefifo_doubleSync/sync_int[4]:D
------------------------
Path min-delay slack:      -280 ps
------------------------
... None of the following nets could be modified:
      m2s010_som_sb_0/CCC_0/GL0_INST/U0_YWn
      m2s010_som_sb_0/CCC_0/GL0_net
      CommsFPGA_top_0/FIFOS_INST/RECEIVE_FIFO_1/FIFO_8Kx9_0/L31_U_corefifo_async/rptr_gray[4]
      m2s010_som_sb_0/CCC_0/GL0_INST/U0_RGB1_RGB26_rgbr_net_1

Path 14
------------------------
From: CommsFPGA_top_0/FIFOS_INST/RECEIVE_FIFO_2/FIFO_8Kx9_0/L31.U_corefifo_async/rptr_gray[7]:CLK
  To: CommsFPGA_top_0/FIFOS_INST/RECEIVE_FIFO_2/FIFO_8Kx9_0/L31.U_corefifo_async/Rd_corefifo_doubleSync/sync_int[7]:D
------------------------
Path min-delay slack:      -273 ps
------------------------
... None of the following nets could be modified:
      m2s010_som_sb_0/CCC_0/GL0_net
      CommsFPGA_top_0/FIFOS_INST/RECEIVE_FIFO_2/FIFO_8Kx9_0/L31_U_corefifo_async/rptr_gray[7]
      m2s010_som_sb_0/CCC_0/GL0_INST/U0_YWn_GEast
      m2s010_som_sb_0/CCC_0/GL0_INST/U0_RGB1_RGB12_rgbl_net_1

Path 15
------------------------
From: CommsFPGA_top_0/FIFOS_INST/RECEIVE_FIFO_1/FIFO_8Kx9_0/L31.U_corefifo_async/rptr_gray[2]:CLK
  To: CommsFPGA_top_0/FIFOS_INST/RECEIVE_FIFO_1/FIFO_8Kx9_0/L31.U_corefifo_async/Rd_corefifo_doubleSync/sync_int[2]:D
------------------------
Path min-delay slack:      -199 ps
------------------------
... None of the following nets could be modified:
      m2s010_som_sb_0/CCC_0/GL0_INST/U0_YWn
      m2s010_som_sb_0/CCC_0/GL0_net
      CommsFPGA_top_0/FIFOS_INST/RECEIVE_FIFO_1/FIFO_8Kx9_0/L31_U_corefifo_async/rptr_gray[2]
      m2s010_som_sb_0/CCC_0/GL0_INST/U0_RGB1_RGB26_rgbr_net_1

Path 16
------------------------
From: CommsFPGA_top_0/FIFOS_INST/RECEIVE_FIFO_1/FIFO_8Kx9_0/L31.U_corefifo_async/rptr_gray[10]:CLK
  To: CommsFPGA_top_0/FIFOS_INST/RECEIVE_FIFO_1/FIFO_8Kx9_0/L31.U_corefifo_async/Rd_corefifo_doubleSync/sync_int[10]:D
------------------------
Path min-delay slack:      -198 ps
------------------------
... None of the following nets could be modified:
      m2s010_som_sb_0/CCC_0/GL0_INST/U0_YWn
      m2s010_som_sb_0/CCC_0/GL0_net
      CommsFPGA_top_0/FIFOS_INST/RECEIVE_FIFO_1/FIFO_8Kx9_0/L31_U_corefifo_async/rptr_gray[10]
      m2s010_som_sb_0/CCC_0/GL0_INST/U0_RGB1_RGB26_rgbr_net_1

Path 17
------------------------
From: CommsFPGA_top_0/FIFOS_INST/RECEIVE_FIFO_1/FIFO_8Kx9_0/L31.U_corefifo_async/rptr_gray[0]:CLK
  To: CommsFPGA_top_0/FIFOS_INST/RECEIVE_FIFO_1/FIFO_8Kx9_0/L31.U_corefifo_async/Rd_corefifo_doubleSync/sync_int[0]:D
------------------------
Path min-delay slack:      -197 ps
------------------------
... None of the following nets could be modified:
      m2s010_som_sb_0/CCC_0/GL0_INST/U0_YWn
      m2s010_som_sb_0/CCC_0/GL0_net
      CommsFPGA_top_0/FIFOS_INST/RECEIVE_FIFO_1/FIFO_8Kx9_0/L31_U_corefifo_async/rptr_gray[0]
      m2s010_som_sb_0/CCC_0/GL0_INST/U0_RGB1_RGB26_rgbr_net_1

Path 18
------------------------
From: CommsFPGA_top_0/FIFOS_INST/RECEIVE_FIFO_2/FIFO_8Kx9_0/L31.U_corefifo_async/rptr_gray[11]:CLK
  To: CommsFPGA_top_0/FIFOS_INST/RECEIVE_FIFO_2/FIFO_8Kx9_0/L31.U_corefifo_async/Rd_corefifo_doubleSync/sync_int[11]:D
------------------------
Path min-delay slack:      -197 ps
------------------------
... None of the following nets could be modified:
      m2s010_som_sb_0/CCC_0/GL0_INST/U0_YWn
      m2s010_som_sb_0/CCC_0/GL0_net
      CommsFPGA_top_0/FIFOS_INST/RECEIVE_FIFO_2/FIFO_8Kx9_0/L31_U_corefifo_async/rptr_gray[11]
      m2s010_som_sb_0/CCC_0/GL0_INST/U0_RGB1_RGB9_rgbr_net_1

Path 19
------------------------
From: CommsFPGA_top_0/FIFOS_INST/RECEIVE_FIFO_3/FIFO_8Kx9_0/L31.U_corefifo_async/rptr_gray[6]:CLK
  To: CommsFPGA_top_0/FIFOS_INST/RECEIVE_FIFO_3/FIFO_8Kx9_0/L31.U_corefifo_async/Rd_corefifo_doubleSync/sync_int[6]:D
------------------------
Path min-delay slack:      -196 ps
------------------------
... None of the following nets could be modified:
      m2s010_som_sb_0/CCC_0/GL0_INST/U0_YWn
      m2s010_som_sb_0/CCC_0/GL0_net
      CommsFPGA_top_0/FIFOS_INST/RECEIVE_FIFO_3/FIFO_8Kx9_0/L31_U_corefifo_async/rptr_gray[6]
      m2s010_som_sb_0/CCC_0/GL0_INST/U0_RGB1_RGB20_rgbr_net_1

Path 20
------------------------
From: CommsFPGA_top_0/FIFOS_INST/RECEIVE_FIFO_3/FIFO_8Kx9_0/L31.U_corefifo_async/rptr_gray[9]:CLK
  To: CommsFPGA_top_0/FIFOS_INST/RECEIVE_FIFO_3/FIFO_8Kx9_0/L31.U_corefifo_async/Rd_corefifo_doubleSync/sync_int[9]:D
------------------------
Path min-delay slack:      -194 ps
------------------------
... None of the following nets could be modified:
      m2s010_som_sb_0/CCC_0/GL0_INST/U0_YWn
      m2s010_som_sb_0/CCC_0/GL0_net
      CommsFPGA_top_0/FIFOS_INST/RECEIVE_FIFO_3/FIFO_8Kx9_0/L31_U_corefifo_async/rptr_gray[9]
      m2s010_som_sb_0/CCC_0/GL0_INST/U0_RGB1_RGB20_rgbr_net_1

Path 21
------------------------
From: CommsFPGA_top_0/FIFOS_INST/RECEIVE_FIFO_0/FIFO_8Kx9_0/L31.U_corefifo_async/rptr_gray[8]:CLK
  To: CommsFPGA_top_0/FIFOS_INST/RECEIVE_FIFO_0/FIFO_8Kx9_0/L31.U_corefifo_async/Rd_corefifo_doubleSync/sync_int[8]:D
------------------------
Path min-delay slack:      -193 ps
------------------------
... None of the following nets could be modified:
      m2s010_som_sb_0/CCC_0/GL0_INST/U0_YWn
      m2s010_som_sb_0/CCC_0/GL0_net
      CommsFPGA_top_0/FIFOS_INST/RECEIVE_FIFO_0/FIFO_8Kx9_0/L31_U_corefifo_async/rptr_gray[8]
      m2s010_som_sb_0/CCC_0/GL0_INST/U0_RGB1_RGB15_rgbr_net_1

Path 22
------------------------
From: CommsFPGA_top_0/FIFOS_INST/RECEIVE_FIFO_1/FIFO_8Kx9_0/L31.U_corefifo_async/rptr_gray[11]:CLK
  To: CommsFPGA_top_0/FIFOS_INST/RECEIVE_FIFO_1/FIFO_8Kx9_0/L31.U_corefifo_async/Rd_corefifo_doubleSync/sync_int[11]:D
------------------------
Path min-delay slack:      -191 ps
------------------------
... None of the following nets could be modified:
      m2s010_som_sb_0/CCC_0/GL0_INST/U0_YWn
      m2s010_som_sb_0/CCC_0/GL0_net
      CommsFPGA_top_0/FIFOS_INST/RECEIVE_FIFO_1/FIFO_8Kx9_0/L31_U_corefifo_async/rptr_gray[11]
      m2s010_som_sb_0/CCC_0/GL0_INST/U0_RGB1_RGB26_rgbr_net_1

Path 23
------------------------
From: CommsFPGA_top_0/FIFOS_INST/RECEIVE_FIFO_1/FIFO_8Kx9_0/L31.U_corefifo_async/rptr_gray[1]:CLK
  To: CommsFPGA_top_0/FIFOS_INST/RECEIVE_FIFO_1/FIFO_8Kx9_0/L31.U_corefifo_async/Rd_corefifo_doubleSync/sync_int[1]:D
------------------------
Path min-delay slack:      -188 ps
------------------------
... None of the following nets could be modified:
      m2s010_som_sb_0/CCC_0/GL0_INST/U0_YWn
      m2s010_som_sb_0/CCC_0/GL0_net
      CommsFPGA_top_0/FIFOS_INST/RECEIVE_FIFO_1/FIFO_8Kx9_0/L31_U_corefifo_async/rptr_gray[1]
      m2s010_som_sb_0/CCC_0/GL0_INST/U0_RGB1_RGB26_rgbr_net_1

Path 24
------------------------
From: CommsFPGA_top_0/FIFOS_INST/RECEIVE_FIFO_2/FIFO_8Kx9_0/L31.U_corefifo_async/rptr_gray[0]:CLK
  To: CommsFPGA_top_0/FIFOS_INST/RECEIVE_FIFO_2/FIFO_8Kx9_0/L31.U_corefifo_async/Rd_corefifo_doubleSync/sync_int[0]:D
------------------------
Path min-delay slack:      -185 ps
------------------------
... None of the following nets could be modified:
      m2s010_som_sb_0/CCC_0/GL0_INST/U0_YWn
      m2s010_som_sb_0/CCC_0/GL0_net
      CommsFPGA_top_0/FIFOS_INST/RECEIVE_FIFO_2/FIFO_8Kx9_0/L31_U_corefifo_async/rptr_gray[0]
      m2s010_som_sb_0/CCC_0/GL0_INST/U0_RGB1_RGB9_rgbr_net_1

Path 25
------------------------
From: CommsFPGA_top_0/FIFOS_INST/RECEIVE_FIFO_3/FIFO_8Kx9_0/L31.U_corefifo_async/rptr_gray[2]:CLK
  To: CommsFPGA_top_0/FIFOS_INST/RECEIVE_FIFO_3/FIFO_8Kx9_0/L31.U_corefifo_async/Rd_corefifo_doubleSync/sync_int[2]:D
------------------------
Path min-delay slack:      -183 ps
------------------------
... None of the following nets could be modified:
      m2s010_som_sb_0/CCC_0/GL0_INST/U0_YWn
      m2s010_som_sb_0/CCC_0/GL0_net
      CommsFPGA_top_0/FIFOS_INST/RECEIVE_FIFO_3/FIFO_8Kx9_0/L31_U_corefifo_async/rptr_gray[2]
      m2s010_som_sb_0/CCC_0/GL0_INST/U0_RGB1_RGB20_rgbr_net_1

Path 26
------------------------
From: CommsFPGA_top_0/FIFOS_INST/RECEIVE_FIFO_0/FIFO_8Kx9_0/L31.U_corefifo_async/rptr_gray[4]:CLK
  To: CommsFPGA_top_0/FIFOS_INST/RECEIVE_FIFO_0/FIFO_8Kx9_0/L31.U_corefifo_async/Rd_corefifo_doubleSync/sync_int[4]:D
------------------------
Path min-delay slack:      -183 ps
------------------------
... None of the following nets could be modified:
      m2s010_som_sb_0/CCC_0/GL0_INST/U0_YWn
      m2s010_som_sb_0/CCC_0/GL0_net
      CommsFPGA_top_0/FIFOS_INST/RECEIVE_FIFO_0/FIFO_8Kx9_0/L31_U_corefifo_async/rptr_gray[4]
      m2s010_som_sb_0/CCC_0/GL0_INST/U0_RGB1_RGB15_rgbr_net_1

Path 27
------------------------
From: CommsFPGA_top_0/FIFOS_INST/RECEIVE_FIFO_1/FIFO_8Kx9_0/L31.U_corefifo_async/rptr_gray[3]:CLK
  To: CommsFPGA_top_0/FIFOS_INST/RECEIVE_FIFO_1/FIFO_8Kx9_0/L31.U_corefifo_async/Rd_corefifo_doubleSync/sync_int[3]:D
------------------------
Path min-delay slack:      -180 ps
------------------------
... None of the following nets could be modified:
      m2s010_som_sb_0/CCC_0/GL0_INST/U0_YWn
      m2s010_som_sb_0/CCC_0/GL0_net
      CommsFPGA_top_0/FIFOS_INST/RECEIVE_FIFO_1/FIFO_8Kx9_0/L31_U_corefifo_async/rptr_gray[3]
      m2s010_som_sb_0/CCC_0/GL0_INST/U0_RGB1_RGB26_rgbr_net_1

Path 28
------------------------
From: CommsFPGA_top_0/FIFOS_INST/RECEIVE_FIFO_0/FIFO_8Kx9_0/L31.U_corefifo_async/rptr_gray[5]:CLK
  To: CommsFPGA_top_0/FIFOS_INST/RECEIVE_FIFO_0/FIFO_8Kx9_0/L31.U_corefifo_async/Rd_corefifo_doubleSync/sync_int[5]:D
------------------------
Path min-delay slack:      -174 ps
------------------------
... None of the following nets could be modified:
      m2s010_som_sb_0/CCC_0/GL0_INST/U0_YWn
      m2s010_som_sb_0/CCC_0/GL0_net
      CommsFPGA_top_0/FIFOS_INST/RECEIVE_FIFO_0/FIFO_8Kx9_0/L31_U_corefifo_async/rptr_gray[5]
      m2s010_som_sb_0/CCC_0/GL0_INST/U0_RGB1_RGB15_rgbr_net_1

Path 29
------------------------
From: CommsFPGA_top_0/FIFOS_INST/RECEIVE_FIFO_2/FIFO_8Kx9_0/L31.U_corefifo_async/rptr_gray[1]:CLK
  To: CommsFPGA_top_0/FIFOS_INST/RECEIVE_FIFO_2/FIFO_8Kx9_0/L31.U_corefifo_async/Rd_corefifo_doubleSync/sync_int[1]:D
------------------------
Path min-delay slack:      -170 ps
------------------------
... None of the following nets could be modified:
      m2s010_som_sb_0/CCC_0/GL0_INST/U0_YWn
      m2s010_som_sb_0/CCC_0/GL0_net
      CommsFPGA_top_0/FIFOS_INST/RECEIVE_FIFO_2/FIFO_8Kx9_0/L31_U_corefifo_async/rptr_gray[1]
      m2s010_som_sb_0/CCC_0/GL0_INST/U0_RGB1_RGB9_rgbr_net_1

Path 30
------------------------
From: CommsFPGA_top_0/FIFOS_INST/RECEIVE_FIFO_2/FIFO_8Kx9_0/L31.U_corefifo_async/rptr_gray[9]:CLK
  To: CommsFPGA_top_0/FIFOS_INST/RECEIVE_FIFO_2/FIFO_8Kx9_0/L31.U_corefifo_async/Rd_corefifo_doubleSync/sync_int[9]:D
------------------------
Path min-delay slack:      -168 ps
------------------------
... None of the following nets could be modified:
      m2s010_som_sb_0/CCC_0/GL0_INST/U0_YWn
      m2s010_som_sb_0/CCC_0/GL0_net
      CommsFPGA_top_0/FIFOS_INST/RECEIVE_FIFO_2/FIFO_8Kx9_0/L31_U_corefifo_async/rptr_gray[9]
      m2s010_som_sb_0/CCC_0/GL0_INST/U0_RGB1_RGB9_rgbr_net_1

Path 31
------------------------
From: CommsFPGA_top_0/FIFOS_INST/RECEIVE_FIFO_3/FIFO_8Kx9_0/L31.U_corefifo_async/rptr_gray[7]:CLK
  To: CommsFPGA_top_0/FIFOS_INST/RECEIVE_FIFO_3/FIFO_8Kx9_0/L31.U_corefifo_async/Rd_corefifo_doubleSync/sync_int[7]:D
------------------------
Path min-delay slack:      -164 ps
------------------------
... None of the following nets could be modified:
      m2s010_som_sb_0/CCC_0/GL0_INST/U0_YWn
      m2s010_som_sb_0/CCC_0/GL0_net
      CommsFPGA_top_0/FIFOS_INST/RECEIVE_FIFO_3/FIFO_8Kx9_0/L31_U_corefifo_async/rptr_gray[7]
      m2s010_som_sb_0/CCC_0/GL0_INST/U0_RGB1_RGB20_rgbr_net_1

Path 32
------------------------
From: CommsFPGA_top_0/FIFOS_INST/RECEIVE_FIFO_0/FIFO_8Kx9_0/L31.U_corefifo_async/rptr_gray[6]:CLK
  To: CommsFPGA_top_0/FIFOS_INST/RECEIVE_FIFO_0/FIFO_8Kx9_0/L31.U_corefifo_async/Rd_corefifo_doubleSync/sync_int[6]:D
------------------------
Path min-delay slack:      -164 ps
------------------------
... None of the following nets could be modified:
      m2s010_som_sb_0/CCC_0/GL0_INST/U0_YWn
      m2s010_som_sb_0/CCC_0/GL0_net
      CommsFPGA_top_0/FIFOS_INST/RECEIVE_FIFO_0/FIFO_8Kx9_0/L31_U_corefifo_async/rptr_gray[6]
      m2s010_som_sb_0/CCC_0/GL0_INST/U0_RGB1_RGB15_rgbr_net_1

Path 33
------------------------
From: CommsFPGA_top_0/FIFOS_INST/RECEIVE_FIFO_0/FIFO_8Kx9_0/L31.U_corefifo_async/rptr_gray[3]:CLK
  To: CommsFPGA_top_0/FIFOS_INST/RECEIVE_FIFO_0/FIFO_8Kx9_0/L31.U_corefifo_async/Rd_corefifo_doubleSync/sync_int[3]:D
------------------------
Path min-delay slack:      -163 ps
------------------------
... None of the following nets could be modified:
      m2s010_som_sb_0/CCC_0/GL0_INST/U0_YWn
      m2s010_som_sb_0/CCC_0/GL0_net
      CommsFPGA_top_0/FIFOS_INST/RECEIVE_FIFO_0/FIFO_8Kx9_0/L31_U_corefifo_async/rptr_gray[3]
      m2s010_som_sb_0/CCC_0/GL0_INST/U0_RGB1_RGB15_rgbr_net_1

Path 34
------------------------
From: CommsFPGA_top_0/FIFOS_INST/RECEIVE_FIFO_3/FIFO_8Kx9_0/L31.U_corefifo_async/rptr_gray[3]:CLK
  To: CommsFPGA_top_0/FIFOS_INST/RECEIVE_FIFO_3/FIFO_8Kx9_0/L31.U_corefifo_async/Rd_corefifo_doubleSync/sync_int[3]:D
------------------------
Path min-delay slack:      -161 ps
------------------------
... None of the following nets could be modified:
      m2s010_som_sb_0/CCC_0/GL0_INST/U0_YWn
      m2s010_som_sb_0/CCC_0/GL0_net
      CommsFPGA_top_0/FIFOS_INST/RECEIVE_FIFO_3/FIFO_8Kx9_0/L31_U_corefifo_async/rptr_gray[3]
      m2s010_som_sb_0/CCC_0/GL0_INST/U0_RGB1_RGB20_rgbr_net_1

Path 35
------------------------
From: CommsFPGA_top_0/FIFOS_INST/RECEIVE_FIFO_2/FIFO_8Kx9_0/L31.U_corefifo_async/rptr_gray[3]:CLK
  To: CommsFPGA_top_0/FIFOS_INST/RECEIVE_FIFO_2/FIFO_8Kx9_0/L31.U_corefifo_async/Rd_corefifo_doubleSync/sync_int[3]:D
------------------------
Path min-delay slack:      -160 ps
------------------------
... None of the following nets could be modified:
      m2s010_som_sb_0/CCC_0/GL0_INST/U0_YWn
      m2s010_som_sb_0/CCC_0/GL0_net
      CommsFPGA_top_0/FIFOS_INST/RECEIVE_FIFO_2/FIFO_8Kx9_0/L31_U_corefifo_async/rptr_gray[3]
      m2s010_som_sb_0/CCC_0/GL0_INST/U0_RGB1_RGB9_rgbr_net_1

Path 36
------------------------
From: CommsFPGA_top_0/FIFOS_INST/RECEIVE_FIFO_2/FIFO_8Kx9_0/L31.U_corefifo_async/rptr_gray[5]:CLK
  To: CommsFPGA_top_0/FIFOS_INST/RECEIVE_FIFO_2/FIFO_8Kx9_0/L31.U_corefifo_async/Rd_corefifo_doubleSync/sync_int[5]:D
------------------------
Path min-delay slack:      -158 ps
------------------------
... None of the following nets could be modified:
      m2s010_som_sb_0/CCC_0/GL0_INST/U0_YWn
      m2s010_som_sb_0/CCC_0/GL0_net
      CommsFPGA_top_0/FIFOS_INST/RECEIVE_FIFO_2/FIFO_8Kx9_0/L31_U_corefifo_async/rptr_gray[5]
      m2s010_som_sb_0/CCC_0/GL0_INST/U0_RGB1_RGB9_rgbr_net_1

Path 37
------------------------
From: CommsFPGA_top_0/FIFOS_INST/RECEIVE_FIFO_0/FIFO_8Kx9_0/L31.U_corefifo_async/rptr_gray[11]:CLK
  To: CommsFPGA_top_0/FIFOS_INST/RECEIVE_FIFO_0/FIFO_8Kx9_0/L31.U_corefifo_async/Rd_corefifo_doubleSync/sync_int[11]:D
------------------------
Path min-delay slack:      -152 ps
------------------------
... None of the following nets could be modified:
      m2s010_som_sb_0/CCC_0/GL0_INST/U0_YWn
      m2s010_som_sb_0/CCC_0/GL0_net
      CommsFPGA_top_0/FIFOS_INST/RECEIVE_FIFO_0/FIFO_8Kx9_0/L31_U_corefifo_async/rptr_gray[11]
      m2s010_som_sb_0/CCC_0/GL0_INST/U0_RGB1_RGB11_rgbr_net_1

Path 38
------------------------
From: CommsFPGA_top_0/FIFOS_INST/RECEIVE_FIFO_3/FIFO_8Kx9_0/L31.U_corefifo_async/rptr_gray[10]:CLK
  To: CommsFPGA_top_0/FIFOS_INST/RECEIVE_FIFO_3/FIFO_8Kx9_0/L31.U_corefifo_async/Rd_corefifo_doubleSync/sync_int[10]:D
------------------------
Path min-delay slack:      -150 ps
------------------------
... None of the following nets could be modified:
      m2s010_som_sb_0/CCC_0/GL0_INST/U0_YWn
      m2s010_som_sb_0/CCC_0/GL0_net
      CommsFPGA_top_0/FIFOS_INST/RECEIVE_FIFO_3/FIFO_8Kx9_0/L31_U_corefifo_async/rptr_gray[10]
      m2s010_som_sb_0/CCC_0/GL0_INST/U0_RGB1_RGB20_rgbr_net_1

Path 39
------------------------
From: CommsFPGA_top_0/FIFOS_INST/RECEIVE_FIFO_2/FIFO_8Kx9_0/L31.U_corefifo_async/rptr_gray[2]:CLK
  To: CommsFPGA_top_0/FIFOS_INST/RECEIVE_FIFO_2/FIFO_8Kx9_0/L31.U_corefifo_async/Rd_corefifo_doubleSync/sync_int[2]:D
------------------------
Path min-delay slack:      -147 ps
------------------------
... None of the following nets could be modified:
      m2s010_som_sb_0/CCC_0/GL0_INST/U0_YWn
      m2s010_som_sb_0/CCC_0/GL0_net
      CommsFPGA_top_0/FIFOS_INST/RECEIVE_FIFO_2/FIFO_8Kx9_0/L31_U_corefifo_async/rptr_gray[2]
      m2s010_som_sb_0/CCC_0/GL0_INST/U0_RGB1_RGB9_rgbr_net_1

Path 40
------------------------
From: CommsFPGA_top_0/FIFOS_INST/RECEIVE_FIFO_3/FIFO_8Kx9_0/L31.U_corefifo_async/rptr_gray[11]:CLK
  To: CommsFPGA_top_0/FIFOS_INST/RECEIVE_FIFO_3/FIFO_8Kx9_0/L31.U_corefifo_async/Rd_corefifo_doubleSync/sync_int[11]:D
------------------------
Path min-delay slack:      -144 ps
------------------------
... None of the following nets could be modified:
      m2s010_som_sb_0/CCC_0/GL0_INST/U0_YWn
      m2s010_som_sb_0/CCC_0/GL0_net
      CommsFPGA_top_0/FIFOS_INST/RECEIVE_FIFO_3/FIFO_8Kx9_0/L31_U_corefifo_async/rptr_gray[11]
      m2s010_som_sb_0/CCC_0/GL0_INST/U0_RGB1_RGB20_rgbr_net_1

Path 41
------------------------
From: CommsFPGA_top_0/FIFOS_INST/RECEIVE_FIFO_2/FIFO_8Kx9_0/L31.U_corefifo_async/rptr_gray[4]:CLK
  To: CommsFPGA_top_0/FIFOS_INST/RECEIVE_FIFO_2/FIFO_8Kx9_0/L31.U_corefifo_async/Rd_corefifo_doubleSync/sync_int[4]:D
------------------------
Path min-delay slack:      -141 ps
------------------------
... None of the following nets could be modified:
      m2s010_som_sb_0/CCC_0/GL0_INST/U0_YWn
      m2s010_som_sb_0/CCC_0/GL0_net
      CommsFPGA_top_0/FIFOS_INST/RECEIVE_FIFO_2/FIFO_8Kx9_0/L31_U_corefifo_async/rptr_gray[4]
      m2s010_som_sb_0/CCC_0/GL0_INST/U0_RGB1_RGB9_rgbr_net_1

Path 42
------------------------
From: CommsFPGA_top_0/FIFOS_INST/RECEIVE_FIFO_3/FIFO_8Kx9_0/L31.U_corefifo_async/rptr_gray[4]:CLK
  To: CommsFPGA_top_0/FIFOS_INST/RECEIVE_FIFO_3/FIFO_8Kx9_0/L31.U_corefifo_async/Rd_corefifo_doubleSync/sync_int[4]:D
------------------------
Path min-delay slack:      -129 ps
------------------------
... None of the following nets could be modified:
      m2s010_som_sb_0/CCC_0/GL0_INST/U0_YWn
      m2s010_som_sb_0/CCC_0/GL0_net
      CommsFPGA_top_0/FIFOS_INST/RECEIVE_FIFO_3/FIFO_8Kx9_0/L31_U_corefifo_async/rptr_gray[4]
      m2s010_som_sb_0/CCC_0/GL0_INST/U0_RGB1_RGB20_rgbr_net_1

Path 43
------------------------
From: CommsFPGA_top_0/FIFOS_INST/RECEIVE_FIFO_3/FIFO_8Kx9_0/L31.U_corefifo_async/rptr_gray[1]:CLK
  To: CommsFPGA_top_0/FIFOS_INST/RECEIVE_FIFO_3/FIFO_8Kx9_0/L31.U_corefifo_async/Rd_corefifo_doubleSync/sync_int[1]:D
------------------------
Path min-delay slack:       -89 ps
------------------------
... None of the following nets could be modified:
      m2s010_som_sb_0/CCC_0/GL0_INST/U0_YWn
      m2s010_som_sb_0/CCC_0/GL0_net
      CommsFPGA_top_0/FIFOS_INST/RECEIVE_FIFO_3/FIFO_8Kx9_0/L31_U_corefifo_async/rptr_gray[1]
      m2s010_som_sb_0/CCC_0/GL0_INST/U0_RGB1_RGB22_rgbr_net_1

Path 44
------------------------
From: CommsFPGA_top_0/FIFOS_INST/RECEIVE_FIFO_1/FIFO_8Kx9_0/L31.U_corefifo_async/rptr_gray[9]:CLK
  To: CommsFPGA_top_0/FIFOS_INST/RECEIVE_FIFO_1/FIFO_8Kx9_0/L31.U_corefifo_async/Rd_corefifo_doubleSync/sync_int[9]:D
------------------------
Path min-delay slack:       -86 ps
------------------------
... None of the following nets could be modified:
      m2s010_som_sb_0/CCC_0/GL0_INST/U0_YWn
      m2s010_som_sb_0/CCC_0/GL0_net
      CommsFPGA_top_0/FIFOS_INST/RECEIVE_FIFO_1/FIFO_8Kx9_0/L31_U_corefifo_async/rptr_gray[9]
      m2s010_som_sb_0/CCC_0/GL0_INST/U0_RGB1_RGB26_rgbr_net_1

Path 45
------------------------
From: CommsFPGA_top_0/FIFOS_INST/RECEIVE_FIFO_0/FIFO_8Kx9_0/L31.U_corefifo_async/rptr_gray[0]:CLK
  To: CommsFPGA_top_0/FIFOS_INST/RECEIVE_FIFO_0/FIFO_8Kx9_0/L31.U_corefifo_async/Rd_corefifo_doubleSync/sync_int[0]:D
------------------------
Path min-delay slack:       -68 ps
------------------------
... None of the following nets could be modified:
      m2s010_som_sb_0/CCC_0/GL0_INST/U0_YWn
      m2s010_som_sb_0/CCC_0/GL0_net
      CommsFPGA_top_0/FIFOS_INST/RECEIVE_FIFO_0/FIFO_8Kx9_0/L31_U_corefifo_async/rptr_gray[0]
      m2s010_som_sb_0/CCC_0/GL0_INST/U0_RGB1_RGB15_rgbr_net_1

Path 46
------------------------
From: CommsFPGA_top_0/FIFOS_INST/RECEIVE_FIFO_3/FIFO_8Kx9_0/L31.U_corefifo_async/rptr_gray[0]:CLK
  To: CommsFPGA_top_0/FIFOS_INST/RECEIVE_FIFO_3/FIFO_8Kx9_0/L31.U_corefifo_async/Rd_corefifo_doubleSync/sync_int[0]:D
------------------------
Path min-delay slack:       -64 ps
------------------------
... None of the following nets could be modified:
      m2s010_som_sb_0/CCC_0/GL0_INST/U0_YWn
      m2s010_som_sb_0/CCC_0/GL0_net
      CommsFPGA_top_0/FIFOS_INST/RECEIVE_FIFO_3/FIFO_8Kx9_0/L31_U_corefifo_async/rptr_gray[0]
      m2s010_som_sb_0/CCC_0/GL0_INST/U0_RGB1_RGB22_rgbr_net_1

Path 47
------------------------
From: CommsFPGA_top_0/FIFOS_INST/RECEIVE_FIFO_1/FIFO_8Kx9_0/L31.U_corefifo_async/rptr_gray[8]:CLK
  To: CommsFPGA_top_0/FIFOS_INST/RECEIVE_FIFO_1/FIFO_8Kx9_0/L31.U_corefifo_async/Rd_corefifo_doubleSync/sync_int[8]:D
------------------------
Path min-delay slack:       -63 ps
------------------------
... None of the following nets could be modified:
      m2s010_som_sb_0/CCC_0/GL0_INST/U0_YWn
      m2s010_som_sb_0/CCC_0/GL0_net
      CommsFPGA_top_0/FIFOS_INST/RECEIVE_FIFO_1/FIFO_8Kx9_0/L31_U_corefifo_async/rptr_gray[8]
      m2s010_som_sb_0/CCC_0/GL0_INST/U0_RGB1_RGB26_rgbr_net_1



-------------------------------------
 External Hold Repair Report 
-------------------------------------
 Iteration 2  
 Total I/O input ports improved: 0       
-------------------------------------



-------------------------
 Min-delay Repair Report 
-------------------------
 Iteration 2  
 Total paths eligible for improvement: 47      
 Total paths improved: 0       
-------------------------

Path 1
------------------------
From: CommsFPGA_top_0/FIFOS_INST/RECEIVE_FIFO_0/FIFO_8Kx9_0/L31.U_corefifo_async/rptr_gray[7]:CLK
  To: CommsFPGA_top_0/FIFOS_INST/RECEIVE_FIFO_0/FIFO_8Kx9_0/L31.U_corefifo_async/Rd_corefifo_doubleSync/sync_int[7]:D
------------------------
Path min-delay slack:      -383 ps
------------------------
... None of the following nets could be modified:
      m2s010_som_sb_0/CCC_0/GL0_INST/U0_YWn
      m2s010_som_sb_0/CCC_0/GL0_INST/U0_RGB1_RGB15_rgbr_net_1
      m2s010_som_sb_0/CCC_0/GL0_net
      CommsFPGA_top_0/FIFOS_INST/RECEIVE_FIFO_0/FIFO_8Kx9_0/L31_U_corefifo_async/rptr_gray[7]

Path 2
------------------------
From: CommsFPGA_top_0/FIFOS_INST/RECEIVE_FIFO_2/FIFO_8Kx9_0/L31.U_corefifo_async/rptr_gray[6]:CLK
  To: CommsFPGA_top_0/FIFOS_INST/RECEIVE_FIFO_2/FIFO_8Kx9_0/L31.U_corefifo_async/Rd_corefifo_doubleSync/sync_int[6]:D
------------------------
Path min-delay slack:      -366 ps
------------------------
... None of the following nets could be modified:
      m2s010_som_sb_0/CCC_0/GL0_INST/U0_YWn
      m2s010_som_sb_0/CCC_0/GL0_INST/U0_RGB1_RGB9_rgbr_net_1
      m2s010_som_sb_0/CCC_0/GL0_net
      CommsFPGA_top_0/FIFOS_INST/RECEIVE_FIFO_2/FIFO_8Kx9_0/L31_U_corefifo_async/rptr_gray[6]

Path 3
------------------------
From: CommsFPGA_top_0/FIFOS_INST/RECEIVE_FIFO_3/FIFO_8Kx9_0/L31.U_corefifo_async/rptr_gray[5]:CLK
  To: CommsFPGA_top_0/FIFOS_INST/RECEIVE_FIFO_3/FIFO_8Kx9_0/L31.U_corefifo_async/Rd_corefifo_doubleSync/sync_int[5]:D
------------------------
Path min-delay slack:      -364 ps
------------------------
... None of the following nets could be modified:
      m2s010_som_sb_0/CCC_0/GL0_INST/U0_YWn
      m2s010_som_sb_0/CCC_0/GL0_INST/U0_RGB1_RGB20_rgbr_net_1
      m2s010_som_sb_0/CCC_0/GL0_net
      CommsFPGA_top_0/FIFOS_INST/RECEIVE_FIFO_3/FIFO_8Kx9_0/L31_U_corefifo_async/rptr_gray[5]

Path 4
------------------------
From: CommsFPGA_top_0/FIFOS_INST/RECEIVE_FIFO_2/FIFO_8Kx9_0/L31.U_corefifo_async/rptr_gray[10]:CLK
  To: CommsFPGA_top_0/FIFOS_INST/RECEIVE_FIFO_2/FIFO_8Kx9_0/L31.U_corefifo_async/Rd_corefifo_doubleSync/sync_int[10]:D
------------------------
Path min-delay slack:      -302 ps
------------------------
... None of the following nets could be modified:
      m2s010_som_sb_0/CCC_0/GL0_INST/U0_YWn
      m2s010_som_sb_0/CCC_0/GL0_INST/U0_RGB1_RGB9_rgbr_net_1
      m2s010_som_sb_0/CCC_0/GL0_net
      CommsFPGA_top_0/FIFOS_INST/RECEIVE_FIFO_2/FIFO_8Kx9_0/L31_U_corefifo_async/rptr_gray[10]

Path 5
------------------------
From: CommsFPGA_top_0/FIFOS_INST/RECEIVE_FIFO_0/FIFO_8Kx9_0/L31.U_corefifo_async/rptr_gray[2]:CLK
  To: CommsFPGA_top_0/FIFOS_INST/RECEIVE_FIFO_0/FIFO_8Kx9_0/L31.U_corefifo_async/Rd_corefifo_doubleSync/sync_int[2]:D
------------------------
Path min-delay slack:      -301 ps
------------------------
... None of the following nets could be modified:
      m2s010_som_sb_0/CCC_0/GL0_INST/U0_YWn
      m2s010_som_sb_0/CCC_0/GL0_INST/U0_RGB1_RGB15_rgbr_net_1
      m2s010_som_sb_0/CCC_0/GL0_net
      CommsFPGA_top_0/FIFOS_INST/RECEIVE_FIFO_0/FIFO_8Kx9_0/L31_U_corefifo_async/rptr_gray[2]

Path 6
------------------------
From: CommsFPGA_top_0/FIFOS_INST/RECEIVE_FIFO_1/FIFO_8Kx9_0/L31.U_corefifo_async/rptr_gray[6]:CLK
  To: CommsFPGA_top_0/FIFOS_INST/RECEIVE_FIFO_1/FIFO_8Kx9_0/L31.U_corefifo_async/Rd_corefifo_doubleSync/sync_int[6]:D
------------------------
Path min-delay slack:      -298 ps
------------------------
... None of the following nets could be modified:
      m2s010_som_sb_0/CCC_0/GL0_INST/U0_YWn
      m2s010_som_sb_0/CCC_0/GL0_INST/U0_RGB1_RGB26_rgbr_net_1
      m2s010_som_sb_0/CCC_0/GL0_net
      CommsFPGA_top_0/FIFOS_INST/RECEIVE_FIFO_1/FIFO_8Kx9_0/L31_U_corefifo_async/rptr_gray[6]

Path 7
------------------------
From: CommsFPGA_top_0/FIFOS_INST/RECEIVE_FIFO_3/FIFO_8Kx9_0/L31.U_corefifo_async/rptr_gray[8]:CLK
  To: CommsFPGA_top_0/FIFOS_INST/RECEIVE_FIFO_3/FIFO_8Kx9_0/L31.U_corefifo_async/Rd_corefifo_doubleSync/sync_int[8]:D
------------------------
Path min-delay slack:      -297 ps
------------------------
... None of the following nets could be modified:
      m2s010_som_sb_0/CCC_0/GL0_INST/U0_YWn
      m2s010_som_sb_0/CCC_0/GL0_INST/U0_RGB1_RGB20_rgbr_net_1
      m2s010_som_sb_0/CCC_0/GL0_net
      CommsFPGA_top_0/FIFOS_INST/RECEIVE_FIFO_3/FIFO_8Kx9_0/L31_U_corefifo_async/rptr_gray[8]

Path 8
------------------------
From: CommsFPGA_top_0/FIFOS_INST/RECEIVE_FIFO_1/FIFO_8Kx9_0/L31.U_corefifo_async/rptr_gray[5]:CLK
  To: CommsFPGA_top_0/FIFOS_INST/RECEIVE_FIFO_1/FIFO_8Kx9_0/L31.U_corefifo_async/Rd_corefifo_doubleSync/sync_int[5]:D
------------------------
Path min-delay slack:      -296 ps
------------------------
... None of the following nets could be modified:
      m2s010_som_sb_0/CCC_0/GL0_INST/U0_YWn
      m2s010_som_sb_0/CCC_0/GL0_INST/U0_RGB1_RGB26_rgbr_net_1
      m2s010_som_sb_0/CCC_0/GL0_net
      CommsFPGA_top_0/FIFOS_INST/RECEIVE_FIFO_1/FIFO_8Kx9_0/L31_U_corefifo_async/rptr_gray[5]

Path 9
------------------------
From: CommsFPGA_top_0/FIFOS_INST/RECEIVE_FIFO_1/FIFO_8Kx9_0/L31.U_corefifo_async/rptr_gray[7]:CLK
  To: CommsFPGA_top_0/FIFOS_INST/RECEIVE_FIFO_1/FIFO_8Kx9_0/L31.U_corefifo_async/Rd_corefifo_doubleSync/sync_int[7]:D
------------------------
Path min-delay slack:      -293 ps
------------------------
... None of the following nets could be modified:
      m2s010_som_sb_0/CCC_0/GL0_INST/U0_YWn
      m2s010_som_sb_0/CCC_0/GL0_INST/U0_RGB1_RGB26_rgbr_net_1
      m2s010_som_sb_0/CCC_0/GL0_net
      CommsFPGA_top_0/FIFOS_INST/RECEIVE_FIFO_1/FIFO_8Kx9_0/L31_U_corefifo_async/rptr_gray[7]

Path 10
------------------------
From: CommsFPGA_top_0/FIFOS_INST/RECEIVE_FIFO_1/FIFO_8Kx9_0/L31.U_corefifo_async/rptr_gray[4]:CLK
  To: CommsFPGA_top_0/FIFOS_INST/RECEIVE_FIFO_1/FIFO_8Kx9_0/L31.U_corefifo_async/Rd_corefifo_doubleSync/sync_int[4]:D
------------------------
Path min-delay slack:      -280 ps
------------------------
... None of the following nets could be modified:
      m2s010_som_sb_0/CCC_0/GL0_INST/U0_YWn
      m2s010_som_sb_0/CCC_0/GL0_INST/U0_RGB1_RGB26_rgbr_net_1
      m2s010_som_sb_0/CCC_0/GL0_net
      CommsFPGA_top_0/FIFOS_INST/RECEIVE_FIFO_1/FIFO_8Kx9_0/L31_U_corefifo_async/rptr_gray[4]

Path 11
------------------------
From: CommsFPGA_top_0/FIFOS_INST/RECEIVE_FIFO_2/FIFO_8Kx9_0/L31.U_corefifo_async/rptr_gray[7]:CLK
  To: CommsFPGA_top_0/FIFOS_INST/RECEIVE_FIFO_2/FIFO_8Kx9_0/L31.U_corefifo_async/Rd_corefifo_doubleSync/sync_int[7]:D
------------------------
Path min-delay slack:      -273 ps
------------------------
... None of the following nets could be modified:
      m2s010_som_sb_0/CCC_0/GL0_INST/U0_RGB1_RGB12_rgbl_net_1
      m2s010_som_sb_0/CCC_0/GL0_INST/U0_YWn_GEast
      m2s010_som_sb_0/CCC_0/GL0_net
      CommsFPGA_top_0/FIFOS_INST/RECEIVE_FIFO_2/FIFO_8Kx9_0/L31_U_corefifo_async/rptr_gray[7]

Path 12
------------------------
From: CommsFPGA_top_0/FIFOS_INST/RECEIVE_FIFO_1/FIFO_8Kx9_0/L31.U_corefifo_async/rptr_gray[2]:CLK
  To: CommsFPGA_top_0/FIFOS_INST/RECEIVE_FIFO_1/FIFO_8Kx9_0/L31.U_corefifo_async/Rd_corefifo_doubleSync/sync_int[2]:D
------------------------
Path min-delay slack:      -199 ps
------------------------
... None of the following nets could be modified:
      m2s010_som_sb_0/CCC_0/GL0_INST/U0_YWn
      m2s010_som_sb_0/CCC_0/GL0_INST/U0_RGB1_RGB26_rgbr_net_1
      m2s010_som_sb_0/CCC_0/GL0_net
      CommsFPGA_top_0/FIFOS_INST/RECEIVE_FIFO_1/FIFO_8Kx9_0/L31_U_corefifo_async/rptr_gray[2]

Path 13
------------------------
From: CommsFPGA_top_0/FIFOS_INST/RECEIVE_FIFO_1/FIFO_8Kx9_0/L31.U_corefifo_async/rptr_gray[10]:CLK
  To: CommsFPGA_top_0/FIFOS_INST/RECEIVE_FIFO_1/FIFO_8Kx9_0/L31.U_corefifo_async/Rd_corefifo_doubleSync/sync_int[10]:D
------------------------
Path min-delay slack:      -198 ps
------------------------
... None of the following nets could be modified:
      m2s010_som_sb_0/CCC_0/GL0_INST/U0_YWn
      m2s010_som_sb_0/CCC_0/GL0_INST/U0_RGB1_RGB26_rgbr_net_1
      m2s010_som_sb_0/CCC_0/GL0_net
      CommsFPGA_top_0/FIFOS_INST/RECEIVE_FIFO_1/FIFO_8Kx9_0/L31_U_corefifo_async/rptr_gray[10]

Path 14
------------------------
From: CommsFPGA_top_0/FIFOS_INST/RECEIVE_FIFO_1/FIFO_8Kx9_0/L31.U_corefifo_async/rptr_gray[0]:CLK
  To: CommsFPGA_top_0/FIFOS_INST/RECEIVE_FIFO_1/FIFO_8Kx9_0/L31.U_corefifo_async/Rd_corefifo_doubleSync/sync_int[0]:D
------------------------
Path min-delay slack:      -197 ps
------------------------
... None of the following nets could be modified:
      m2s010_som_sb_0/CCC_0/GL0_INST/U0_YWn
      m2s010_som_sb_0/CCC_0/GL0_INST/U0_RGB1_RGB26_rgbr_net_1
      m2s010_som_sb_0/CCC_0/GL0_net
      CommsFPGA_top_0/FIFOS_INST/RECEIVE_FIFO_1/FIFO_8Kx9_0/L31_U_corefifo_async/rptr_gray[0]

Path 15
------------------------
From: CommsFPGA_top_0/FIFOS_INST/RECEIVE_FIFO_2/FIFO_8Kx9_0/L31.U_corefifo_async/rptr_gray[11]:CLK
  To: CommsFPGA_top_0/FIFOS_INST/RECEIVE_FIFO_2/FIFO_8Kx9_0/L31.U_corefifo_async/Rd_corefifo_doubleSync/sync_int[11]:D
------------------------
Path min-delay slack:      -197 ps
------------------------
... None of the following nets could be modified:
      m2s010_som_sb_0/CCC_0/GL0_INST/U0_YWn
      m2s010_som_sb_0/CCC_0/GL0_INST/U0_RGB1_RGB9_rgbr_net_1
      m2s010_som_sb_0/CCC_0/GL0_net
      CommsFPGA_top_0/FIFOS_INST/RECEIVE_FIFO_2/FIFO_8Kx9_0/L31_U_corefifo_async/rptr_gray[11]

Path 16
------------------------
From: CommsFPGA_top_0/FIFOS_INST/RECEIVE_FIFO_3/FIFO_8Kx9_0/L31.U_corefifo_async/rptr_gray[6]:CLK
  To: CommsFPGA_top_0/FIFOS_INST/RECEIVE_FIFO_3/FIFO_8Kx9_0/L31.U_corefifo_async/Rd_corefifo_doubleSync/sync_int[6]:D
------------------------
Path min-delay slack:      -196 ps
------------------------
... None of the following nets could be modified:
      m2s010_som_sb_0/CCC_0/GL0_INST/U0_YWn
      m2s010_som_sb_0/CCC_0/GL0_INST/U0_RGB1_RGB20_rgbr_net_1
      m2s010_som_sb_0/CCC_0/GL0_net
      CommsFPGA_top_0/FIFOS_INST/RECEIVE_FIFO_3/FIFO_8Kx9_0/L31_U_corefifo_async/rptr_gray[6]

Path 17
------------------------
From: CommsFPGA_top_0/FIFOS_INST/RECEIVE_FIFO_3/FIFO_8Kx9_0/L31.U_corefifo_async/rptr_gray[9]:CLK
  To: CommsFPGA_top_0/FIFOS_INST/RECEIVE_FIFO_3/FIFO_8Kx9_0/L31.U_corefifo_async/Rd_corefifo_doubleSync/sync_int[9]:D
------------------------
Path min-delay slack:      -194 ps
------------------------
... None of the following nets could be modified:
      m2s010_som_sb_0/CCC_0/GL0_INST/U0_YWn
      m2s010_som_sb_0/CCC_0/GL0_INST/U0_RGB1_RGB20_rgbr_net_1
      m2s010_som_sb_0/CCC_0/GL0_net
      CommsFPGA_top_0/FIFOS_INST/RECEIVE_FIFO_3/FIFO_8Kx9_0/L31_U_corefifo_async/rptr_gray[9]

Path 18
------------------------
From: CommsFPGA_top_0/FIFOS_INST/RECEIVE_FIFO_0/FIFO_8Kx9_0/L31.U_corefifo_async/rptr_gray[8]:CLK
  To: CommsFPGA_top_0/FIFOS_INST/RECEIVE_FIFO_0/FIFO_8Kx9_0/L31.U_corefifo_async/Rd_corefifo_doubleSync/sync_int[8]:D
------------------------
Path min-delay slack:      -193 ps
------------------------
... None of the following nets could be modified:
      m2s010_som_sb_0/CCC_0/GL0_INST/U0_YWn
      m2s010_som_sb_0/CCC_0/GL0_INST/U0_RGB1_RGB15_rgbr_net_1
      m2s010_som_sb_0/CCC_0/GL0_net
      CommsFPGA_top_0/FIFOS_INST/RECEIVE_FIFO_0/FIFO_8Kx9_0/L31_U_corefifo_async/rptr_gray[8]

Path 19
------------------------
From: CommsFPGA_top_0/FIFOS_INST/RECEIVE_FIFO_1/FIFO_8Kx9_0/L31.U_corefifo_async/rptr_gray[11]:CLK
  To: CommsFPGA_top_0/FIFOS_INST/RECEIVE_FIFO_1/FIFO_8Kx9_0/L31.U_corefifo_async/Rd_corefifo_doubleSync/sync_int[11]:D
------------------------
Path min-delay slack:      -191 ps
------------------------
... None of the following nets could be modified:
      m2s010_som_sb_0/CCC_0/GL0_INST/U0_YWn
      m2s010_som_sb_0/CCC_0/GL0_INST/U0_RGB1_RGB26_rgbr_net_1
      m2s010_som_sb_0/CCC_0/GL0_net
      CommsFPGA_top_0/FIFOS_INST/RECEIVE_FIFO_1/FIFO_8Kx9_0/L31_U_corefifo_async/rptr_gray[11]

Path 20
------------------------
From: CommsFPGA_top_0/FIFOS_INST/RECEIVE_FIFO_1/FIFO_8Kx9_0/L31.U_corefifo_async/rptr_gray[1]:CLK
  To: CommsFPGA_top_0/FIFOS_INST/RECEIVE_FIFO_1/FIFO_8Kx9_0/L31.U_corefifo_async/Rd_corefifo_doubleSync/sync_int[1]:D
------------------------
Path min-delay slack:      -188 ps
------------------------
... None of the following nets could be modified:
      m2s010_som_sb_0/CCC_0/GL0_INST/U0_YWn
      m2s010_som_sb_0/CCC_0/GL0_INST/U0_RGB1_RGB26_rgbr_net_1
      m2s010_som_sb_0/CCC_0/GL0_net
      CommsFPGA_top_0/FIFOS_INST/RECEIVE_FIFO_1/FIFO_8Kx9_0/L31_U_corefifo_async/rptr_gray[1]

Path 21
------------------------
From: CommsFPGA_top_0/FIFOS_INST/RECEIVE_FIFO_2/FIFO_8Kx9_0/L31.U_corefifo_async/rptr_gray[0]:CLK
  To: CommsFPGA_top_0/FIFOS_INST/RECEIVE_FIFO_2/FIFO_8Kx9_0/L31.U_corefifo_async/Rd_corefifo_doubleSync/sync_int[0]:D
------------------------
Path min-delay slack:      -185 ps
------------------------
... None of the following nets could be modified:
      m2s010_som_sb_0/CCC_0/GL0_INST/U0_YWn
      m2s010_som_sb_0/CCC_0/GL0_INST/U0_RGB1_RGB9_rgbr_net_1
      m2s010_som_sb_0/CCC_0/GL0_net
      CommsFPGA_top_0/FIFOS_INST/RECEIVE_FIFO_2/FIFO_8Kx9_0/L31_U_corefifo_async/rptr_gray[0]

Path 22
------------------------
From: CommsFPGA_top_0/FIFOS_INST/RECEIVE_FIFO_3/FIFO_8Kx9_0/L31.U_corefifo_async/rptr_gray[2]:CLK
  To: CommsFPGA_top_0/FIFOS_INST/RECEIVE_FIFO_3/FIFO_8Kx9_0/L31.U_corefifo_async/Rd_corefifo_doubleSync/sync_int[2]:D
------------------------
Path min-delay slack:      -183 ps
------------------------
... None of the following nets could be modified:
      m2s010_som_sb_0/CCC_0/GL0_INST/U0_YWn
      m2s010_som_sb_0/CCC_0/GL0_INST/U0_RGB1_RGB20_rgbr_net_1
      m2s010_som_sb_0/CCC_0/GL0_net
      CommsFPGA_top_0/FIFOS_INST/RECEIVE_FIFO_3/FIFO_8Kx9_0/L31_U_corefifo_async/rptr_gray[2]

Path 23
------------------------
From: CommsFPGA_top_0/FIFOS_INST/RECEIVE_FIFO_0/FIFO_8Kx9_0/L31.U_corefifo_async/rptr_gray[4]:CLK
  To: CommsFPGA_top_0/FIFOS_INST/RECEIVE_FIFO_0/FIFO_8Kx9_0/L31.U_corefifo_async/Rd_corefifo_doubleSync/sync_int[4]:D
------------------------
Path min-delay slack:      -183 ps
------------------------
... None of the following nets could be modified:
      m2s010_som_sb_0/CCC_0/GL0_INST/U0_YWn
      m2s010_som_sb_0/CCC_0/GL0_INST/U0_RGB1_RGB15_rgbr_net_1
      m2s010_som_sb_0/CCC_0/GL0_net
      CommsFPGA_top_0/FIFOS_INST/RECEIVE_FIFO_0/FIFO_8Kx9_0/L31_U_corefifo_async/rptr_gray[4]

Path 24
------------------------
From: CommsFPGA_top_0/FIFOS_INST/RECEIVE_FIFO_1/FIFO_8Kx9_0/L31.U_corefifo_async/rptr_gray[3]:CLK
  To: CommsFPGA_top_0/FIFOS_INST/RECEIVE_FIFO_1/FIFO_8Kx9_0/L31.U_corefifo_async/Rd_corefifo_doubleSync/sync_int[3]:D
------------------------
Path min-delay slack:      -180 ps
------------------------
... None of the following nets could be modified:
      m2s010_som_sb_0/CCC_0/GL0_INST/U0_YWn
      m2s010_som_sb_0/CCC_0/GL0_INST/U0_RGB1_RGB26_rgbr_net_1
      m2s010_som_sb_0/CCC_0/GL0_net
      CommsFPGA_top_0/FIFOS_INST/RECEIVE_FIFO_1/FIFO_8Kx9_0/L31_U_corefifo_async/rptr_gray[3]

Path 25
------------------------
From: CommsFPGA_top_0/FIFOS_INST/RECEIVE_FIFO_0/FIFO_8Kx9_0/L31.U_corefifo_async/rptr_gray[5]:CLK
  To: CommsFPGA_top_0/FIFOS_INST/RECEIVE_FIFO_0/FIFO_8Kx9_0/L31.U_corefifo_async/Rd_corefifo_doubleSync/sync_int[5]:D
------------------------
Path min-delay slack:      -174 ps
------------------------
... None of the following nets could be modified:
      m2s010_som_sb_0/CCC_0/GL0_INST/U0_YWn
      m2s010_som_sb_0/CCC_0/GL0_INST/U0_RGB1_RGB15_rgbr_net_1
      m2s010_som_sb_0/CCC_0/GL0_net
      CommsFPGA_top_0/FIFOS_INST/RECEIVE_FIFO_0/FIFO_8Kx9_0/L31_U_corefifo_async/rptr_gray[5]

Path 26
------------------------
From: CommsFPGA_top_0/FIFOS_INST/RECEIVE_FIFO_2/FIFO_8Kx9_0/L31.U_corefifo_async/rptr_gray[1]:CLK
  To: CommsFPGA_top_0/FIFOS_INST/RECEIVE_FIFO_2/FIFO_8Kx9_0/L31.U_corefifo_async/Rd_corefifo_doubleSync/sync_int[1]:D
------------------------
Path min-delay slack:      -170 ps
------------------------
... None of the following nets could be modified:
      m2s010_som_sb_0/CCC_0/GL0_INST/U0_YWn
      m2s010_som_sb_0/CCC_0/GL0_INST/U0_RGB1_RGB9_rgbr_net_1
      m2s010_som_sb_0/CCC_0/GL0_net
      CommsFPGA_top_0/FIFOS_INST/RECEIVE_FIFO_2/FIFO_8Kx9_0/L31_U_corefifo_async/rptr_gray[1]

Path 27
------------------------
From: CommsFPGA_top_0/FIFOS_INST/RECEIVE_FIFO_2/FIFO_8Kx9_0/L31.U_corefifo_async/rptr_gray[9]:CLK
  To: CommsFPGA_top_0/FIFOS_INST/RECEIVE_FIFO_2/FIFO_8Kx9_0/L31.U_corefifo_async/Rd_corefifo_doubleSync/sync_int[9]:D
------------------------
Path min-delay slack:      -168 ps
------------------------
... None of the following nets could be modified:
      m2s010_som_sb_0/CCC_0/GL0_INST/U0_YWn
      m2s010_som_sb_0/CCC_0/GL0_INST/U0_RGB1_RGB9_rgbr_net_1
      m2s010_som_sb_0/CCC_0/GL0_net
      CommsFPGA_top_0/FIFOS_INST/RECEIVE_FIFO_2/FIFO_8Kx9_0/L31_U_corefifo_async/rptr_gray[9]

Path 28
------------------------
From: CommsFPGA_top_0/FIFOS_INST/RECEIVE_FIFO_3/FIFO_8Kx9_0/L31.U_corefifo_async/rptr_gray[7]:CLK
  To: CommsFPGA_top_0/FIFOS_INST/RECEIVE_FIFO_3/FIFO_8Kx9_0/L31.U_corefifo_async/Rd_corefifo_doubleSync/sync_int[7]:D
------------------------
Path min-delay slack:      -164 ps
------------------------
... None of the following nets could be modified:
      m2s010_som_sb_0/CCC_0/GL0_INST/U0_YWn
      m2s010_som_sb_0/CCC_0/GL0_INST/U0_RGB1_RGB20_rgbr_net_1
      m2s010_som_sb_0/CCC_0/GL0_net
      CommsFPGA_top_0/FIFOS_INST/RECEIVE_FIFO_3/FIFO_8Kx9_0/L31_U_corefifo_async/rptr_gray[7]

Path 29
------------------------
From: CommsFPGA_top_0/FIFOS_INST/RECEIVE_FIFO_0/FIFO_8Kx9_0/L31.U_corefifo_async/rptr_gray[6]:CLK
  To: CommsFPGA_top_0/FIFOS_INST/RECEIVE_FIFO_0/FIFO_8Kx9_0/L31.U_corefifo_async/Rd_corefifo_doubleSync/sync_int[6]:D
------------------------
Path min-delay slack:      -164 ps
------------------------
... None of the following nets could be modified:
      m2s010_som_sb_0/CCC_0/GL0_INST/U0_YWn
      m2s010_som_sb_0/CCC_0/GL0_INST/U0_RGB1_RGB15_rgbr_net_1
      m2s010_som_sb_0/CCC_0/GL0_net
      CommsFPGA_top_0/FIFOS_INST/RECEIVE_FIFO_0/FIFO_8Kx9_0/L31_U_corefifo_async/rptr_gray[6]

Path 30
------------------------
From: CommsFPGA_top_0/FIFOS_INST/RECEIVE_FIFO_0/FIFO_8Kx9_0/L31.U_corefifo_async/rptr_gray[3]:CLK
  To: CommsFPGA_top_0/FIFOS_INST/RECEIVE_FIFO_0/FIFO_8Kx9_0/L31.U_corefifo_async/Rd_corefifo_doubleSync/sync_int[3]:D
------------------------
Path min-delay slack:      -163 ps
------------------------
... None of the following nets could be modified:
      m2s010_som_sb_0/CCC_0/GL0_INST/U0_YWn
      m2s010_som_sb_0/CCC_0/GL0_INST/U0_RGB1_RGB15_rgbr_net_1
      m2s010_som_sb_0/CCC_0/GL0_net
      CommsFPGA_top_0/FIFOS_INST/RECEIVE_FIFO_0/FIFO_8Kx9_0/L31_U_corefifo_async/rptr_gray[3]

Path 31
------------------------
From: CommsFPGA_top_0/FIFOS_INST/RECEIVE_FIFO_3/FIFO_8Kx9_0/L31.U_corefifo_async/rptr_gray[3]:CLK
  To: CommsFPGA_top_0/FIFOS_INST/RECEIVE_FIFO_3/FIFO_8Kx9_0/L31.U_corefifo_async/Rd_corefifo_doubleSync/sync_int[3]:D
------------------------
Path min-delay slack:      -161 ps
------------------------
... None of the following nets could be modified:
      m2s010_som_sb_0/CCC_0/GL0_INST/U0_YWn
      m2s010_som_sb_0/CCC_0/GL0_INST/U0_RGB1_RGB20_rgbr_net_1
      m2s010_som_sb_0/CCC_0/GL0_net
      CommsFPGA_top_0/FIFOS_INST/RECEIVE_FIFO_3/FIFO_8Kx9_0/L31_U_corefifo_async/rptr_gray[3]

Path 32
------------------------
From: CommsFPGA_top_0/FIFOS_INST/RECEIVE_FIFO_2/FIFO_8Kx9_0/L31.U_corefifo_async/rptr_gray[3]:CLK
  To: CommsFPGA_top_0/FIFOS_INST/RECEIVE_FIFO_2/FIFO_8Kx9_0/L31.U_corefifo_async/Rd_corefifo_doubleSync/sync_int[3]:D
------------------------
Path min-delay slack:      -160 ps
------------------------
... None of the following nets could be modified:
      m2s010_som_sb_0/CCC_0/GL0_INST/U0_YWn
      m2s010_som_sb_0/CCC_0/GL0_INST/U0_RGB1_RGB9_rgbr_net_1
      m2s010_som_sb_0/CCC_0/GL0_net
      CommsFPGA_top_0/FIFOS_INST/RECEIVE_FIFO_2/FIFO_8Kx9_0/L31_U_corefifo_async/rptr_gray[3]

Path 33
------------------------
From: CommsFPGA_top_0/FIFOS_INST/RECEIVE_FIFO_2/FIFO_8Kx9_0/L31.U_corefifo_async/rptr_gray[5]:CLK
  To: CommsFPGA_top_0/FIFOS_INST/RECEIVE_FIFO_2/FIFO_8Kx9_0/L31.U_corefifo_async/Rd_corefifo_doubleSync/sync_int[5]:D
------------------------
Path min-delay slack:      -158 ps
------------------------
... None of the following nets could be modified:
      m2s010_som_sb_0/CCC_0/GL0_INST/U0_YWn
      m2s010_som_sb_0/CCC_0/GL0_INST/U0_RGB1_RGB9_rgbr_net_1
      m2s010_som_sb_0/CCC_0/GL0_net
      CommsFPGA_top_0/FIFOS_INST/RECEIVE_FIFO_2/FIFO_8Kx9_0/L31_U_corefifo_async/rptr_gray[5]

Path 34
------------------------
From: CommsFPGA_top_0/FIFOS_INST/RECEIVE_FIFO_0/FIFO_8Kx9_0/L31.U_corefifo_async/rptr_gray[11]:CLK
  To: CommsFPGA_top_0/FIFOS_INST/RECEIVE_FIFO_0/FIFO_8Kx9_0/L31.U_corefifo_async/Rd_corefifo_doubleSync/sync_int[11]:D
------------------------
Path min-delay slack:      -152 ps
------------------------
... None of the following nets could be modified:
      m2s010_som_sb_0/CCC_0/GL0_INST/U0_YWn
      m2s010_som_sb_0/CCC_0/GL0_INST/U0_RGB1_RGB11_rgbr_net_1
      m2s010_som_sb_0/CCC_0/GL0_net
      CommsFPGA_top_0/FIFOS_INST/RECEIVE_FIFO_0/FIFO_8Kx9_0/L31_U_corefifo_async/rptr_gray[11]

Path 35
------------------------
From: CommsFPGA_top_0/FIFOS_INST/RECEIVE_FIFO_3/FIFO_8Kx9_0/L31.U_corefifo_async/rptr_gray[10]:CLK
  To: CommsFPGA_top_0/FIFOS_INST/RECEIVE_FIFO_3/FIFO_8Kx9_0/L31.U_corefifo_async/Rd_corefifo_doubleSync/sync_int[10]:D
------------------------
Path min-delay slack:      -150 ps
------------------------
... None of the following nets could be modified:
      m2s010_som_sb_0/CCC_0/GL0_INST/U0_YWn
      m2s010_som_sb_0/CCC_0/GL0_INST/U0_RGB1_RGB20_rgbr_net_1
      m2s010_som_sb_0/CCC_0/GL0_net
      CommsFPGA_top_0/FIFOS_INST/RECEIVE_FIFO_3/FIFO_8Kx9_0/L31_U_corefifo_async/rptr_gray[10]

Path 36
------------------------
From: CommsFPGA_top_0/FIFOS_INST/RECEIVE_FIFO_2/FIFO_8Kx9_0/L31.U_corefifo_async/rptr_gray[2]:CLK
  To: CommsFPGA_top_0/FIFOS_INST/RECEIVE_FIFO_2/FIFO_8Kx9_0/L31.U_corefifo_async/Rd_corefifo_doubleSync/sync_int[2]:D
------------------------
Path min-delay slack:      -147 ps
------------------------
... None of the following nets could be modified:
      m2s010_som_sb_0/CCC_0/GL0_INST/U0_YWn
      m2s010_som_sb_0/CCC_0/GL0_INST/U0_RGB1_RGB9_rgbr_net_1
      m2s010_som_sb_0/CCC_0/GL0_net
      CommsFPGA_top_0/FIFOS_INST/RECEIVE_FIFO_2/FIFO_8Kx9_0/L31_U_corefifo_async/rptr_gray[2]

Path 37
------------------------
From: CommsFPGA_top_0/FIFOS_INST/RECEIVE_FIFO_3/FIFO_8Kx9_0/L31.U_corefifo_async/rptr_gray[11]:CLK
  To: CommsFPGA_top_0/FIFOS_INST/RECEIVE_FIFO_3/FIFO_8Kx9_0/L31.U_corefifo_async/Rd_corefifo_doubleSync/sync_int[11]:D
------------------------
Path min-delay slack:      -144 ps
------------------------
... None of the following nets could be modified:
      m2s010_som_sb_0/CCC_0/GL0_INST/U0_YWn
      m2s010_som_sb_0/CCC_0/GL0_INST/U0_RGB1_RGB20_rgbr_net_1
      m2s010_som_sb_0/CCC_0/GL0_net
      CommsFPGA_top_0/FIFOS_INST/RECEIVE_FIFO_3/FIFO_8Kx9_0/L31_U_corefifo_async/rptr_gray[11]

Path 38
------------------------
From: CommsFPGA_top_0/FIFOS_INST/RECEIVE_FIFO_2/FIFO_8Kx9_0/L31.U_corefifo_async/rptr_gray[4]:CLK
  To: CommsFPGA_top_0/FIFOS_INST/RECEIVE_FIFO_2/FIFO_8Kx9_0/L31.U_corefifo_async/Rd_corefifo_doubleSync/sync_int[4]:D
------------------------
Path min-delay slack:      -141 ps
------------------------
... None of the following nets could be modified:
      m2s010_som_sb_0/CCC_0/GL0_INST/U0_YWn
      m2s010_som_sb_0/CCC_0/GL0_INST/U0_RGB1_RGB9_rgbr_net_1
      m2s010_som_sb_0/CCC_0/GL0_net
      CommsFPGA_top_0/FIFOS_INST/RECEIVE_FIFO_2/FIFO_8Kx9_0/L31_U_corefifo_async/rptr_gray[4]

Path 39
------------------------
From: CommsFPGA_top_0/FIFOS_INST/RECEIVE_FIFO_3/FIFO_8Kx9_0/L31.U_corefifo_async/rptr_gray[4]:CLK
  To: CommsFPGA_top_0/FIFOS_INST/RECEIVE_FIFO_3/FIFO_8Kx9_0/L31.U_corefifo_async/Rd_corefifo_doubleSync/sync_int[4]:D
------------------------
Path min-delay slack:      -129 ps
------------------------
... None of the following nets could be modified:
      m2s010_som_sb_0/CCC_0/GL0_INST/U0_YWn
      m2s010_som_sb_0/CCC_0/GL0_INST/U0_RGB1_RGB20_rgbr_net_1
      m2s010_som_sb_0/CCC_0/GL0_net
      CommsFPGA_top_0/FIFOS_INST/RECEIVE_FIFO_3/FIFO_8Kx9_0/L31_U_corefifo_async/rptr_gray[4]

Path 40
------------------------
From: CommsFPGA_top_0/FIFOS_INST/RECEIVE_FIFO_2/FIFO_8Kx9_0/L31.U_corefifo_async/rptr_gray[8]:CLK
  To: CommsFPGA_top_0/FIFOS_INST/RECEIVE_FIFO_2/FIFO_8Kx9_0/L31.U_corefifo_async/Rd_corefifo_doubleSync/sync_int[8]:D
------------------------
Path min-delay slack:      -102 ps
------------------------
... None of the following nets could be modified:
      m2s010_som_sb_0/CCC_0/GL0_INST/U0_YWn
      m2s010_som_sb_0/CCC_0/GL0_INST/U0_RGB1_RGB9_rgbr_net_1
      m2s010_som_sb_0/CCC_0/GL0_net
      mdr_CommsFPGA_top_0/FIFOS_INST/RECEIVE_FIFO_2/FIFO_8Kx9_0/L31_U_corefifo_async/Rd_corefifo_doubleSync/sync_int[8]_CFG1A_TEST_net
      CommsFPGA_top_0/FIFOS_INST/RECEIVE_FIFO_2/FIFO_8Kx9_0/L31_U_corefifo_async/rptr_gray[8]

Path 41
------------------------
From: CommsFPGA_top_0/FIFOS_INST/RECEIVE_FIFO_0/FIFO_8Kx9_0/L31.U_corefifo_async/rptr_gray[9]:CLK
  To: CommsFPGA_top_0/FIFOS_INST/RECEIVE_FIFO_0/FIFO_8Kx9_0/L31.U_corefifo_async/Rd_corefifo_doubleSync/sync_int[9]:D
------------------------
Path min-delay slack:       -94 ps
------------------------
... None of the following nets could be modified:
      m2s010_som_sb_0/CCC_0/GL0_INST/U0_YWn
      m2s010_som_sb_0/CCC_0/GL0_INST/U0_RGB1_RGB11_rgbr_net_1
      m2s010_som_sb_0/CCC_0/GL0_net
      mdr_CommsFPGA_top_0/FIFOS_INST/RECEIVE_FIFO_0/FIFO_8Kx9_0/L31_U_corefifo_async/Rd_corefifo_doubleSync/sync_int[9]_CFG1A_TEST_net
      CommsFPGA_top_0/FIFOS_INST/RECEIVE_FIFO_0/FIFO_8Kx9_0/L31_U_corefifo_async/rptr_gray[9]

Path 42
------------------------
From: CommsFPGA_top_0/FIFOS_INST/RECEIVE_FIFO_3/FIFO_8Kx9_0/L31.U_corefifo_async/rptr_gray[1]:CLK
  To: CommsFPGA_top_0/FIFOS_INST/RECEIVE_FIFO_3/FIFO_8Kx9_0/L31.U_corefifo_async/Rd_corefifo_doubleSync/sync_int[1]:D
------------------------
Path min-delay slack:       -89 ps
------------------------
... None of the following nets could be modified:
      m2s010_som_sb_0/CCC_0/GL0_INST/U0_YWn
      m2s010_som_sb_0/CCC_0/GL0_INST/U0_RGB1_RGB22_rgbr_net_1
      m2s010_som_sb_0/CCC_0/GL0_net
      CommsFPGA_top_0/FIFOS_INST/RECEIVE_FIFO_3/FIFO_8Kx9_0/L31_U_corefifo_async/rptr_gray[1]

Path 43
------------------------
From: CommsFPGA_top_0/FIFOS_INST/RECEIVE_FIFO_0/FIFO_8Kx9_0/L31.U_corefifo_async/rptr_gray[10]:CLK
  To: CommsFPGA_top_0/FIFOS_INST/RECEIVE_FIFO_0/FIFO_8Kx9_0/L31.U_corefifo_async/Rd_corefifo_doubleSync/sync_int[10]:D
------------------------
Path min-delay slack:       -87 ps
------------------------
... None of the following nets could be modified:
      m2s010_som_sb_0/CCC_0/GL0_INST/U0_YWn
      m2s010_som_sb_0/CCC_0/GL0_INST/U0_RGB1_RGB11_rgbr_net_1
      m2s010_som_sb_0/CCC_0/GL0_net
      mdr_CommsFPGA_top_0/FIFOS_INST/RECEIVE_FIFO_0/FIFO_8Kx9_0/L31_U_corefifo_async/Rd_corefifo_doubleSync/sync_int[10]_CFG1A_TEST_net
      CommsFPGA_top_0/FIFOS_INST/RECEIVE_FIFO_0/FIFO_8Kx9_0/L31_U_corefifo_async/rptr_gray[10]

Path 44
------------------------
From: CommsFPGA_top_0/FIFOS_INST/RECEIVE_FIFO_1/FIFO_8Kx9_0/L31.U_corefifo_async/rptr_gray[9]:CLK
  To: CommsFPGA_top_0/FIFOS_INST/RECEIVE_FIFO_1/FIFO_8Kx9_0/L31.U_corefifo_async/Rd_corefifo_doubleSync/sync_int[9]:D
------------------------
Path min-delay slack:       -86 ps
------------------------
... None of the following nets could be modified:
      m2s010_som_sb_0/CCC_0/GL0_INST/U0_YWn
      m2s010_som_sb_0/CCC_0/GL0_INST/U0_RGB1_RGB26_rgbr_net_1
      m2s010_som_sb_0/CCC_0/GL0_net
      CommsFPGA_top_0/FIFOS_INST/RECEIVE_FIFO_1/FIFO_8Kx9_0/L31_U_corefifo_async/rptr_gray[9]

Path 45
------------------------
From: CommsFPGA_top_0/FIFOS_INST/RECEIVE_FIFO_0/FIFO_8Kx9_0/L31.U_corefifo_async/rptr_gray[0]:CLK
  To: CommsFPGA_top_0/FIFOS_INST/RECEIVE_FIFO_0/FIFO_8Kx9_0/L31.U_corefifo_async/Rd_corefifo_doubleSync/sync_int[0]:D
------------------------
Path min-delay slack:       -68 ps
------------------------
... None of the following nets could be modified:
      m2s010_som_sb_0/CCC_0/GL0_INST/U0_YWn
      m2s010_som_sb_0/CCC_0/GL0_INST/U0_RGB1_RGB15_rgbr_net_1
      m2s010_som_sb_0/CCC_0/GL0_net
      CommsFPGA_top_0/FIFOS_INST/RECEIVE_FIFO_0/FIFO_8Kx9_0/L31_U_corefifo_async/rptr_gray[0]

Path 46
------------------------
From: CommsFPGA_top_0/FIFOS_INST/RECEIVE_FIFO_3/FIFO_8Kx9_0/L31.U_corefifo_async/rptr_gray[0]:CLK
  To: CommsFPGA_top_0/FIFOS_INST/RECEIVE_FIFO_3/FIFO_8Kx9_0/L31.U_corefifo_async/Rd_corefifo_doubleSync/sync_int[0]:D
------------------------
Path min-delay slack:       -64 ps
------------------------
... None of the following nets could be modified:
      m2s010_som_sb_0/CCC_0/GL0_INST/U0_YWn
      m2s010_som_sb_0/CCC_0/GL0_INST/U0_RGB1_RGB22_rgbr_net_1
      m2s010_som_sb_0/CCC_0/GL0_net
      CommsFPGA_top_0/FIFOS_INST/RECEIVE_FIFO_3/FIFO_8Kx9_0/L31_U_corefifo_async/rptr_gray[0]

Path 47
------------------------
From: CommsFPGA_top_0/FIFOS_INST/RECEIVE_FIFO_1/FIFO_8Kx9_0/L31.U_corefifo_async/rptr_gray[8]:CLK
  To: CommsFPGA_top_0/FIFOS_INST/RECEIVE_FIFO_1/FIFO_8Kx9_0/L31.U_corefifo_async/Rd_corefifo_doubleSync/sync_int[8]:D
------------------------
Path min-delay slack:       -63 ps
------------------------
... None of the following nets could be modified:
      m2s010_som_sb_0/CCC_0/GL0_INST/U0_YWn
      m2s010_som_sb_0/CCC_0/GL0_INST/U0_RGB1_RGB26_rgbr_net_1
      m2s010_som_sb_0/CCC_0/GL0_net
      CommsFPGA_top_0/FIFOS_INST/RECEIVE_FIFO_1/FIFO_8Kx9_0/L31_U_corefifo_async/rptr_gray[8]


Note:
    [1]: A net cannot be modified for repair if:
         - it is hardwired, preserved, or global;
         - the sink pin is a clock pin;
         - the sink pin has negative max-delay slack allowance;
         - the sink and driving pins are placed in the same cluster.

    [2]: A location is not feasible for inserting a delay buffer if the estimated minimum delay to be inserted might exceed the max-delay slack allowance of the sink pin.



